2018-11-05T14:00:18.326Z - info: Website generation started at 22:00:14
2018-11-05T14:00:22.525Z - info: Building assets...
2018-11-05T14:00:27.320Z - info: Assets built
2018-11-05T14:00:27.320Z - info: Generating pages...
2018-11-05T14:02:13.327Z - info: Pages built
2018-11-05T14:02:13.398Z - info: Site data built
2018-11-05T14:02:13.398Z - info: Website generation complete! Total build time: 119.062s
2018-11-05T14:02:13.429Z - info: Generate Site durationMs=119093
2018-11-05T14:02:13.464Z - info: Serving "C:\repos\nus-cs2103-AY1819S1\cs2103-website\_site" at http://127.0.0.1:8080
2018-11-05T14:02:13.464Z - info: Press CTRL+C to stop ...
2018-11-05T14:02:14.123Z - info: [22:02:14] Reload for file change: C:\repos\nus-cs2103-AY1819S1\cs2103-website\admin\exams.md
2018-11-05T14:02:15.167Z - verbose: Rebuild affected paths: C:\repos\nus-cs2103-AY1819S1\cs2103-website\admin\exams.md
2018-11-05T14:02:15.171Z - info: Rebuilding 6 pages
2018-11-05T14:02:57.808Z - info: Pages rebuilt
2018-11-05T14:02:57.984Z - info: Site data built
2018-11-05T14:04:09.860Z - info: [22:04:09] Reload for file change: C:\repos\nus-cs2103-AY1819S1\cs2103-website\admin\exams.md
2018-11-05T14:04:10.868Z - verbose: Rebuild affected paths: C:\repos\nus-cs2103-AY1819S1\cs2103-website\admin\exams.md
2018-11-05T14:04:10.872Z - info: Rebuilding 6 pages
2018-11-05T14:04:47.986Z - info: Pages rebuilt
2018-11-05T14:04:48.030Z - info: Site data built
2018-11-05T14:08:10.927Z - info: [22:08:10] Reload for file change: C:\repos\nus-cs2103-AY1819S1\cs2103-website\admin\exams.md
2018-11-05T14:08:11.934Z - verbose: Rebuild affected paths: C:\repos\nus-cs2103-AY1819S1\cs2103-website\admin\exams.md
2018-11-05T14:08:11.936Z - info: Rebuilding 6 pages
2018-11-05T14:08:48.684Z - info: Pages rebuilt
2018-11-05T14:08:48.804Z - info: Site data built
2018-11-05T14:10:04.044Z - info: [22:10:04] Reload for file change: C:\repos\nus-cs2103-AY1819S1\cs2103-website\admin\exams.md
2018-11-05T14:10:05.048Z - verbose: Rebuild affected paths: C:\repos\nus-cs2103-AY1819S1\cs2103-website\admin\exams.md
2018-11-05T14:10:05.048Z - info: Rebuilding 6 pages
2018-11-05T14:10:41.782Z - info: Pages rebuilt
2018-11-05T14:10:41.794Z - info: Site data built
2018-11-05T14:14:23.372Z - info: [22:14:23] Reload for file change: C:\repos\nus-cs2103-AY1819S1\cs2103-website\admin\exams.md
2018-11-05T14:14:24.382Z - verbose: Rebuild affected paths: C:\repos\nus-cs2103-AY1819S1\cs2103-website\admin\exams.md
2018-11-05T14:14:24.390Z - info: Rebuilding 6 pages
2018-11-05T14:14:59.146Z - info: Pages rebuilt
2018-11-05T14:14:59.163Z - info: Site data built
2018-11-05T14:15:32.956Z - info: [22:15:32] Reload for file change: C:\repos\nus-cs2103-AY1819S1\cs2103-website\admin\exams.md
2018-11-05T14:15:33.958Z - verbose: Rebuild affected paths: C:\repos\nus-cs2103-AY1819S1\cs2103-website\admin\exams.md
2018-11-05T14:15:33.964Z - info: Rebuilding 6 pages
2018-11-05T14:16:04.916Z - info: Pages rebuilt
2018-11-05T14:16:04.948Z - info: Site data built
2018-11-05T14:17:06.618Z - info: [22:17:06] Reload for file change: C:\repos\nus-cs2103-AY1819S1\cs2103-website\admin\exams.md
2018-11-05T14:17:07.620Z - verbose: Rebuild affected paths: C:\repos\nus-cs2103-AY1819S1\cs2103-website\admin\exams.md
2018-11-05T14:17:07.625Z - info: Rebuilding 6 pages
2018-11-05T14:17:39.443Z - info: Pages rebuilt
2018-11-05T14:17:39.481Z - info: Site data built
2018-11-05T14:19:54.051Z - info: Website generation started at 22:19:51
2018-11-05T14:19:55.449Z - info: Building assets...
2018-11-05T14:19:57.531Z - info: Assets built
2018-11-05T14:19:57.532Z - info: Generating pages...
2018-11-05T14:21:26.623Z - info: Pages built
2018-11-05T14:21:26.691Z - info: Site data built
2018-11-05T14:21:26.691Z - info: Website generation complete! Total build time: 95.363s
2018-11-05T14:21:26.691Z - info: Build success!
2018-11-05T14:21:26.692Z - info: Generate Site durationMs=95364
2018-11-05T14:22:15.053Z - info: Deployed!
