2018-11-07T14:58:17.570Z - info: Website generation started at 22:58:14
2018-11-07T14:58:20.648Z - info: Building assets...
2018-11-07T14:58:22.911Z - info: Assets built
2018-11-07T14:58:22.912Z - info: Generating pages...
2018-11-07T14:59:39.918Z - info: Pages built
2018-11-07T14:59:40.004Z - info: Site data built
2018-11-07T14:59:40.005Z - info: Website generation complete! Total build time: 85.709s
2018-11-07T14:59:40.017Z - info: Generate Site durationMs=85721
2018-11-07T14:59:40.044Z - info: Serving "C:\repos\nus-cs2103-AY1819S1\cs2103-website\_site" at http://127.0.0.1:8080
2018-11-07T14:59:40.044Z - info: Press CTRL+C to stop ...
2018-11-07T15:08:33.022Z - info: [23:08:33] Reload for file change: C:\repos\nus-cs2103-AY1819S1\cs2103-website\admin\project-deliverables.md
2018-11-07T15:08:34.108Z - verbose: Rebuild affected paths: C:\repos\nus-cs2103-AY1819S1\cs2103-website\admin\project-deliverables.md
2018-11-07T15:08:34.225Z - info: Rebuilding 26 pages
2018-11-07T15:09:17.780Z - info: Pages rebuilt
2018-11-07T15:09:17.797Z - info: Site data built
2018-11-07T15:12:23.499Z - info: [23:12:23] Reload for file change: C:\repos\nus-cs2103-AY1819S1\cs2103-website\admin\project-deliverables.md
2018-11-07T15:12:24.502Z - verbose: Rebuild affected paths: C:\repos\nus-cs2103-AY1819S1\cs2103-website\admin\project-deliverables.md
2018-11-07T15:12:24.522Z - info: Rebuilding 25 pages
2018-11-07T15:13:04.670Z - info: Pages rebuilt
2018-11-07T15:13:04.694Z - info: Site data built
2018-11-07T15:16:30.181Z - info: [23:16:30] Reload for file change: C:\repos\nus-cs2103-AY1819S1\cs2103-website\admin\project-deliverables.md
2018-11-07T15:16:31.182Z - verbose: Rebuild affected paths: C:\repos\nus-cs2103-AY1819S1\cs2103-website\admin\project-deliverables.md
2018-11-07T15:16:31.187Z - info: Rebuilding 25 pages
2018-11-07T15:17:12.801Z - info: Pages rebuilt
2018-11-07T15:17:12.821Z - info: Site data built
2018-11-07T15:23:23.714Z - info: [23:23:23] Reload for file change: C:\repos\nus-cs2103-AY1819S1\cs2103-website\admin\project-deliverables.md
2018-11-07T15:23:24.715Z - verbose: Rebuild affected paths: C:\repos\nus-cs2103-AY1819S1\cs2103-website\admin\project-deliverables.md
2018-11-07T15:23:24.724Z - info: Rebuilding 25 pages
2018-11-07T15:24:07.782Z - info: Pages rebuilt
2018-11-07T15:24:07.800Z - info: Site data built
2018-11-07T15:32:51.204Z - info: Website generation started at 23:32:48
2018-11-07T15:32:53.568Z - info: Building assets...
