2018-08-27T11:25:37.571Z - info: Website generation started at 19:25:23
2018-08-27T11:26:28.238Z - info: Building assets...
2018-08-27T11:26:46.208Z - info: Assets built
2018-08-27T11:26:46.210Z - info: Generating pages...
2018-08-27T11:28:39.993Z - info: Pages built
2018-08-27T11:28:40.586Z - info: Site data built
2018-08-27T11:28:40.587Z - info: Website generation complete! Total build time: 197.05s
2018-08-27T11:28:40.595Z - info: Generate Site durationMs=197059
2018-08-27T11:28:41.594Z - info: Serving "C:\repos\nus-cs2103-AY1819S1\cs2103-website\_site" at http://127.0.0.1:8080
2018-08-27T11:28:41.594Z - info: Press CTRL+C to stop ...
2018-08-27T11:29:03.305Z - info: [19:29:03] Reload for file change: C:\repos\nus-cs2103-AY1819S1\cs2103-website\book\codeQuality\followStandard\basic\q-listViolations.md
2018-08-27T11:29:04.306Z - verbose: Rebuild affected paths: C:\repos\nus-cs2103-AY1819S1\cs2103-website\book\codeQuality\followStandard\basic\q-listViolations.md
2018-08-27T11:29:04.309Z - info: Rebuilding 12 pages
2018-08-27T11:29:43.054Z - info: Pages rebuilt
2018-08-27T11:29:43.073Z - info: Site data built
2018-08-27T11:34:15.159Z - info: [19:34:15] Reload for file change: C:\repos\nus-cs2103-AY1819S1\cs2103-website\book\codeQuality\followStandard\basic\q-listViolations.md
2018-08-27T11:34:15.172Z - info: [19:34:15] Reload for file add: C:\repos\nus-cs2103-AY1819S1\cs2103-website\book\codeQuality\followStandard\intermediate\q-listViolations.md
2018-08-27T11:34:16.160Z - verbose: Rebuild affected paths: C:\repos\nus-cs2103-AY1819S1\cs2103-website\book\codeQuality\followStandard\basic\q-listViolations.md,C:\repos\nus-cs2103-AY1819S1\cs2103-website\book\codeQuality\followStandard\intermediate\q-listViolations.md
2018-08-27T11:34:16.167Z - info: Rebuilding 12 pages
2018-08-27T11:34:57.986Z - info: Pages rebuilt
2018-08-27T11:34:58.015Z - info: Site data built
2018-08-27T11:35:14.449Z - info: [19:35:14] Reload for file change: C:\repos\nus-cs2103-AY1819S1\cs2103-website\book\codeQuality\followStandard\intermediate\exercises.md
2018-08-27T11:35:14.463Z - info: [19:35:14] Reload for file change: C:\repos\nus-cs2103-AY1819S1\cs2103-website\book\codeQuality\followStandard\intermediate\q-tick-naming.md
2018-08-27T11:35:14.477Z - info: [19:35:14] Reload for file change: C:\repos\nus-cs2103-AY1819S1\cs2103-website\book\codeQuality\followStandard\intermediate\text.md
2018-08-27T11:35:15.451Z - verbose: Rebuild affected paths: C:\repos\nus-cs2103-AY1819S1\cs2103-website\book\codeQuality\followStandard\intermediate\exercises.md,C:\repos\nus-cs2103-AY1819S1\cs2103-website\book\codeQuality\followStandard\intermediate\q-tick-naming.md,C:\repos\nus-cs2103-AY1819S1\cs2103-website\book\codeQuality\followStandard\intermediate\text.md
2018-08-27T11:35:15.456Z - info: Rebuilding 12 pages
2018-08-27T11:35:53.098Z - info: Pages rebuilt
2018-08-27T11:35:53.120Z - info: Site data built
2018-08-27T11:38:43.065Z - info: [19:38:43] Reload for file change: C:\repos\nus-cs2103-AY1819S1\cs2103-website\book\codeQuality\followStandard\intermediate\q-listViolations.md
2018-08-27T11:38:43.076Z - info: [19:38:43] Reload for file change: C:\repos\nus-cs2103-AY1819S1\cs2103-website\book\codeQuality\followStandard\basic\q-listViolations.md
2018-08-27T11:38:44.069Z - verbose: Rebuild affected paths: C:\repos\nus-cs2103-AY1819S1\cs2103-website\book\codeQuality\followStandard\intermediate\q-listViolations.md,C:\repos\nus-cs2103-AY1819S1\cs2103-website\book\codeQuality\followStandard\basic\q-listViolations.md
2018-08-27T11:38:44.071Z - info: Rebuilding 12 pages
2018-08-27T11:39:21.738Z - info: Pages rebuilt
2018-08-27T11:39:21.763Z - info: Site data built
2018-08-27T11:41:59.381Z - info: [19:41:59] Reload for file change: C:\repos\nus-cs2103-AY1819S1\cs2103-website\book\codeQuality\followStandard\intermediate\q-listViolations.md
2018-08-27T11:42:00.384Z - verbose: Rebuild affected paths: C:\repos\nus-cs2103-AY1819S1\cs2103-website\book\codeQuality\followStandard\intermediate\q-listViolations.md
2018-08-27T11:42:00.386Z - info: Rebuilding 12 pages
2018-08-27T11:42:38.844Z - info: Pages rebuilt
2018-08-27T11:42:38.862Z - info: Site data built
2018-08-27T11:46:04.292Z - info: [19:46:04] Reload for file change: C:\repos\nus-cs2103-AY1819S1\cs2103-website\schedule\evidence\codeQuality.md
2018-08-27T11:46:05.297Z - verbose: Rebuild affected paths: C:\repos\nus-cs2103-AY1819S1\cs2103-website\schedule\evidence\codeQuality.md
2018-08-27T11:46:05.299Z - info: Rebuilding 6 pages
2018-08-27T11:46:37.952Z - info: Pages rebuilt
2018-08-27T11:46:37.969Z - info: Site data built
2018-08-27T11:52:33.190Z - info: [19:52:33] Reload for file change: C:\repos\nus-cs2103-AY1819S1\cs2103-website\book\codeQuality\followStandard\basic\text.md
2018-08-27T11:52:34.206Z - verbose: Rebuild affected paths: C:\repos\nus-cs2103-AY1819S1\cs2103-website\book\codeQuality\followStandard\basic\text.md
2018-08-27T11:52:34.226Z - info: Rebuilding 14 pages
2018-08-27T11:53:17.362Z - info: Pages rebuilt
2018-08-27T11:53:17.398Z - info: Site data built
2018-08-27T11:54:39.822Z - info: [19:54:39] Reload for file change: C:\repos\nus-cs2103-AY1819S1\cs2103-website\book\codeQuality\followStandard\basic\text.md
2018-08-27T11:54:40.823Z - verbose: Rebuild affected paths: C:\repos\nus-cs2103-AY1819S1\cs2103-website\book\codeQuality\followStandard\basic\text.md
2018-08-27T11:54:40.826Z - info: Rebuilding 14 pages
2018-08-27T11:55:25.026Z - info: Pages rebuilt
2018-08-27T11:55:25.050Z - info: Site data built
2018-08-27T12:04:29.357Z - info: Website generation started at 20:04:22
2018-08-27T12:04:36.537Z - info: Building assets...
