2018-09-30T13:42:13.159Z - info: Website generation started at 21:42:10
2018-09-30T13:42:16.567Z - info: Building assets...
2018-09-30T13:42:19.913Z - info: Assets built
2018-09-30T13:42:19.914Z - info: Generating pages...
2018-09-30T13:43:35.956Z - info: Pages built
2018-09-30T13:43:36.037Z - info: Site data built
2018-09-30T13:43:36.037Z - info: Website generation complete! Total build time: 85.718s
2018-09-30T13:43:36.050Z - info: Generate Site durationMs=85731
2018-09-30T13:43:36.084Z - info: Serving "C:\repos\nus-cs2103-AY1819S1\cs2103-website\_site" at http://127.0.0.1:8080
2018-09-30T13:43:36.084Z - info: Press CTRL+C to stop ...
2018-09-30T13:55:54.578Z - info: [21:55:54] Reload for file change: C:\repos\nus-cs2103-AY1819S1\cs2103-website\book\combined\exercises\reviewCliAppCode.md
2018-09-30T13:55:55.588Z - verbose: Rebuild affected paths: C:\repos\nus-cs2103-AY1819S1\cs2103-website\book\combined\exercises\reviewCliAppCode.md
2018-09-30T13:55:55.595Z - info: Rebuilding 4 pages
2018-09-30T13:56:17.960Z - info: Pages rebuilt
2018-09-30T13:56:17.989Z - info: Site data built
2018-09-30T13:57:45.354Z - info: [21:57:45] Reload for file change: C:\repos\nus-cs2103-AY1819S1\cs2103-website\book\combined\exercises\reviewCliAppCode.md
2018-09-30T13:57:46.359Z - verbose: Rebuild affected paths: C:\repos\nus-cs2103-AY1819S1\cs2103-website\book\combined\exercises\reviewCliAppCode.md
2018-09-30T13:57:46.364Z - info: Rebuilding 4 pages
2018-09-30T13:58:11.533Z - info: Pages rebuilt
2018-09-30T13:58:11.565Z - info: Site data built
2018-09-30T14:00:34.999Z - info: [22:00:34] Reload for file change: C:\repos\nus-cs2103-AY1819S1\cs2103-website\book\combined\exercises\reviewCliAppCode.md
2018-09-30T14:00:36.001Z - verbose: Rebuild affected paths: C:\repos\nus-cs2103-AY1819S1\cs2103-website\book\combined\exercises\reviewCliAppCode.md
2018-09-30T14:00:36.010Z - info: Rebuilding 4 pages
2018-09-30T14:01:00.449Z - info: Pages rebuilt
2018-09-30T14:01:00.469Z - info: Site data built
2018-09-30T14:05:00.038Z - info: [22:05:00] Reload for file change: C:\repos\nus-cs2103-AY1819S1\cs2103-website\admin\project-w07-v11.md
2018-09-30T14:05:01.041Z - verbose: Rebuild affected paths: C:\repos\nus-cs2103-AY1819S1\cs2103-website\admin\project-w07-v11.md
2018-09-30T14:05:01.042Z - info: Rebuilding 7 pages
2018-09-30T14:05:29.599Z - info: Pages rebuilt
2018-09-30T14:05:29.639Z - info: Site data built
2018-09-30T14:08:19.222Z - info: [22:08:19] Reload for file change: C:\repos\nus-cs2103-AY1819S1\cs2103-website\admin\project-deliverables.md
2018-09-30T14:08:20.224Z - verbose: Rebuild affected paths: C:\repos\nus-cs2103-AY1819S1\cs2103-website\admin\project-deliverables.md
2018-09-30T14:08:20.245Z - info: Rebuilding 26 pages
2018-09-30T14:09:00.085Z - info: Pages rebuilt
2018-09-30T14:09:00.112Z - info: Site data built
2018-09-30T14:11:50.673Z - info: [22:11:50] Reload for file change: C:\repos\nus-cs2103-AY1819S1\cs2103-website\admin\project-w07-v11.md
2018-09-30T14:11:51.677Z - verbose: Rebuild affected paths: C:\repos\nus-cs2103-AY1819S1\cs2103-website\admin\project-w07-v11.md
2018-09-30T14:11:51.685Z - info: Rebuilding 7 pages
2018-09-30T14:12:20.825Z - info: Pages rebuilt
2018-09-30T14:12:20.847Z - info: Site data built
2018-09-30T14:12:40.468Z - info: [22:12:40] Reload for file change: C:\repos\nus-cs2103-AY1819S1\cs2103-website\admin\project-w07-v11.md
2018-09-30T14:12:41.470Z - verbose: Rebuild affected paths: C:\repos\nus-cs2103-AY1819S1\cs2103-website\admin\project-w07-v11.md
2018-09-30T14:12:41.475Z - info: Rebuilding 7 pages
2018-09-30T14:13:08.754Z - info: Pages rebuilt
2018-09-30T14:13:08.775Z - info: Site data built
2018-09-30T14:23:48.342Z - info: Website generation started at 22:23:45
2018-09-30T14:23:49.836Z - info: Building assets...
2018-09-30T14:23:52.077Z - info: Assets built
2018-09-30T14:23:52.078Z - info: Generating pages...
2018-09-30T14:25:11.731Z - info: Pages built
2018-09-30T14:25:11.804Z - info: Site data built
2018-09-30T14:25:11.804Z - info: Website generation complete! Total build time: 86.093s
2018-09-30T14:25:11.805Z - info: Build success!
2018-09-30T14:25:11.805Z - info: Generate Site durationMs=86094
2018-09-30T14:25:59.280Z - info: Deployed!
