2018-11-09T14:36:27.288Z - info: Website generation started at 22:36:24
2018-11-09T14:36:29.894Z - info: Building assets...
2018-11-09T14:36:32.517Z - info: Assets built
2018-11-09T14:36:32.518Z - info: Generating pages...
2018-11-09T14:38:05.090Z - info: Pages built
2018-11-09T14:38:05.171Z - info: Site data built
2018-11-09T14:38:05.171Z - info: Website generation complete! Total build time: 101.025s
2018-11-09T14:38:05.183Z - info: Generate Site durationMs=101037
2018-11-09T14:38:05.215Z - info: Serving "C:\repos\nus-cs2103-AY1819S1\cs2103-website\_site" at http://127.0.0.1:8080
2018-11-09T14:38:05.215Z - info: Press CTRL+C to stop ...
2018-11-09T14:38:06.520Z - info: [22:38:06] Reload for file change: C:\repos\nus-cs2103-AY1819S1\cs2103-website\admin\projectGrading.md
2018-11-09T14:38:07.695Z - verbose: Rebuild affected paths: C:\repos\nus-cs2103-AY1819S1\cs2103-website\admin\projectGrading.md
2018-11-09T14:38:07.696Z - info: Rebuilding 1 pages
2018-11-09T14:38:09.651Z - info: Pages rebuilt
2018-11-09T14:38:09.729Z - info: Site data built
2018-11-09T14:38:38.848Z - info: [22:38:38] Reload for file change: C:\repos\nus-cs2103-AY1819S1\cs2103-website\admin\projectGrading.md
2018-11-09T14:38:39.851Z - verbose: Rebuild affected paths: C:\repos\nus-cs2103-AY1819S1\cs2103-website\admin\projectGrading.md
2018-11-09T14:38:39.853Z - info: Rebuilding 1 pages
2018-11-09T14:38:39.910Z - info: Pages rebuilt
2018-11-09T14:38:39.920Z - info: Site data built
2018-11-09T14:39:20.732Z - info: [22:39:20] Reload for file change: C:\repos\nus-cs2103-AY1819S1\cs2103-website\admin\projectGrading.md
2018-11-09T14:39:21.733Z - verbose: Rebuild affected paths: C:\repos\nus-cs2103-AY1819S1\cs2103-website\admin\projectGrading.md
2018-11-09T14:39:21.736Z - info: Rebuilding 1 pages
2018-11-09T14:39:21.801Z - info: Pages rebuilt
2018-11-09T14:39:21.812Z - info: Site data built
2018-11-09T14:41:03.041Z - info: [22:41:03] Reload for file change: C:\repos\nus-cs2103-AY1819S1\cs2103-website\admin\projectGrading.md
2018-11-09T14:41:04.044Z - verbose: Rebuild affected paths: C:\repos\nus-cs2103-AY1819S1\cs2103-website\admin\projectGrading.md
2018-11-09T14:41:04.046Z - info: Rebuilding 1 pages
2018-11-09T14:41:04.118Z - info: Pages rebuilt
2018-11-09T14:41:04.128Z - info: Site data built
2018-11-09T14:41:58.849Z - info: [22:41:58] Reload for file change: C:\repos\nus-cs2103-AY1819S1\cs2103-website\admin\projectGrading.md
2018-11-09T14:41:59.852Z - verbose: Rebuild affected paths: C:\repos\nus-cs2103-AY1819S1\cs2103-website\admin\projectGrading.md
2018-11-09T14:41:59.852Z - info: Rebuilding 1 pages
2018-11-09T14:41:59.875Z - info: Pages rebuilt
2018-11-09T14:41:59.883Z - info: Site data built
2018-11-09T14:42:30.888Z - info: [22:42:30] Reload for file change: C:\repos\nus-cs2103-AY1819S1\cs2103-website\admin\projectGrading.md
2018-11-09T14:42:31.892Z - verbose: Rebuild affected paths: C:\repos\nus-cs2103-AY1819S1\cs2103-website\admin\projectGrading.md
2018-11-09T14:42:31.893Z - info: Rebuilding 1 pages
2018-11-09T14:42:31.925Z - info: Pages rebuilt
2018-11-09T14:42:31.931Z - info: Site data built
2018-11-09T14:43:00.760Z - info: [22:43:00] Reload for file change: C:\repos\nus-cs2103-AY1819S1\cs2103-website\admin\projectGrading.md
2018-11-09T14:43:01.764Z - verbose: Rebuild affected paths: C:\repos\nus-cs2103-AY1819S1\cs2103-website\admin\projectGrading.md
2018-11-09T14:43:01.768Z - info: Rebuilding 1 pages
2018-11-09T14:43:01.823Z - info: Pages rebuilt
2018-11-09T14:43:01.831Z - info: Site data built
2018-11-09T14:43:23.225Z - info: [22:43:23] Reload for file change: C:\repos\nus-cs2103-AY1819S1\cs2103-website\admin\projectGrading.md
2018-11-09T14:43:24.229Z - verbose: Rebuild affected paths: C:\repos\nus-cs2103-AY1819S1\cs2103-website\admin\projectGrading.md
2018-11-09T14:43:24.231Z - info: Rebuilding 1 pages
2018-11-09T14:43:24.271Z - info: Pages rebuilt
2018-11-09T14:43:24.280Z - info: Site data built
2018-11-09T14:43:49.544Z - info: [22:43:49] Reload for file change: C:\repos\nus-cs2103-AY1819S1\cs2103-website\admin\projectGrading.md
2018-11-09T14:43:50.548Z - verbose: Rebuild affected paths: C:\repos\nus-cs2103-AY1819S1\cs2103-website\admin\projectGrading.md
2018-11-09T14:43:50.550Z - info: Rebuilding 1 pages
2018-11-09T14:43:50.606Z - info: Pages rebuilt
2018-11-09T14:43:50.613Z - info: Site data built
2018-11-09T14:44:50.039Z - info: [22:44:50] Reload for file change: C:\repos\nus-cs2103-AY1819S1\cs2103-website\admin\projectGrading.md
2018-11-09T14:44:51.042Z - verbose: Rebuild affected paths: C:\repos\nus-cs2103-AY1819S1\cs2103-website\admin\projectGrading.md
2018-11-09T14:44:51.044Z - info: Rebuilding 1 pages
2018-11-09T14:44:51.081Z - info: Pages rebuilt
2018-11-09T14:44:51.089Z - info: Site data built
2018-11-09T14:45:30.793Z - info: [22:45:30] Reload for file change: C:\repos\nus-cs2103-AY1819S1\cs2103-website\admin\projectGrading.md
2018-11-09T14:45:31.797Z - verbose: Rebuild affected paths: C:\repos\nus-cs2103-AY1819S1\cs2103-website\admin\projectGrading.md
2018-11-09T14:45:31.799Z - info: Rebuilding 1 pages
2018-11-09T14:45:31.847Z - info: Pages rebuilt
2018-11-09T14:45:31.855Z - info: Site data built
2018-11-09T14:47:30.602Z - info: [22:47:30] Reload for file change: C:\repos\nus-cs2103-AY1819S1\cs2103-website\admin\projectGrading.md
2018-11-09T14:47:31.606Z - verbose: Rebuild affected paths: C:\repos\nus-cs2103-AY1819S1\cs2103-website\admin\projectGrading.md
2018-11-09T14:47:31.607Z - info: Rebuilding 1 pages
2018-11-09T14:47:31.665Z - info: Pages rebuilt
2018-11-09T14:47:31.678Z - info: Site data built
2018-11-09T14:48:03.362Z - info: [22:48:03] Reload for file change: C:\repos\nus-cs2103-AY1819S1\cs2103-website\admin\projectGrading.md
2018-11-09T14:48:04.367Z - verbose: Rebuild affected paths: C:\repos\nus-cs2103-AY1819S1\cs2103-website\admin\projectGrading.md
2018-11-09T14:48:04.368Z - info: Rebuilding 1 pages
2018-11-09T14:48:04.395Z - info: Pages rebuilt
2018-11-09T14:48:04.398Z - info: Site data built
2018-11-09T14:48:34.578Z - info: [22:48:34] Reload for file change: C:\repos\nus-cs2103-AY1819S1\cs2103-website\admin\projectGrading.md
2018-11-09T14:48:35.581Z - verbose: Rebuild affected paths: C:\repos\nus-cs2103-AY1819S1\cs2103-website\admin\projectGrading.md
2018-11-09T14:48:35.583Z - info: Rebuilding 1 pages
2018-11-09T14:48:35.627Z - info: Pages rebuilt
2018-11-09T14:48:35.636Z - info: Site data built
2018-11-09T14:49:30.783Z - info: [22:49:30] Reload for file change: C:\repos\nus-cs2103-AY1819S1\cs2103-website\admin\projectGrading.md
2018-11-09T14:49:31.784Z - verbose: Rebuild affected paths: C:\repos\nus-cs2103-AY1819S1\cs2103-website\admin\projectGrading.md
2018-11-09T14:49:31.784Z - info: Rebuilding 1 pages
2018-11-09T14:49:31.801Z - info: Pages rebuilt
2018-11-09T14:49:31.804Z - info: Site data built
2018-11-09T14:49:53.577Z - info: [22:49:53] Reload for file change: C:\repos\nus-cs2103-AY1819S1\cs2103-website\admin\projectGrading.md
2018-11-09T14:49:54.580Z - verbose: Rebuild affected paths: C:\repos\nus-cs2103-AY1819S1\cs2103-website\admin\projectGrading.md
2018-11-09T14:49:54.582Z - info: Rebuilding 1 pages
2018-11-09T14:49:54.643Z - info: Pages rebuilt
2018-11-09T14:49:54.650Z - info: Site data built
2018-11-09T14:50:01.530Z - info: [22:50:01] Reload for file change: C:\repos\nus-cs2103-AY1819S1\cs2103-website\admin\projectGrading.md
2018-11-09T14:50:02.532Z - verbose: Rebuild affected paths: C:\repos\nus-cs2103-AY1819S1\cs2103-website\admin\projectGrading.md
2018-11-09T14:50:02.533Z - info: Rebuilding 1 pages
2018-11-09T14:50:02.557Z - info: Pages rebuilt
2018-11-09T14:50:02.564Z - info: Site data built
2018-11-09T14:52:24.282Z - info: [22:52:24] Reload for file change: C:\repos\nus-cs2103-AY1819S1\cs2103-website\admin\projectGrading.md
2018-11-09T14:52:25.287Z - verbose: Rebuild affected paths: C:\repos\nus-cs2103-AY1819S1\cs2103-website\admin\projectGrading.md
2018-11-09T14:52:25.289Z - info: Rebuilding 1 pages
2018-11-09T14:52:25.338Z - info: Pages rebuilt
2018-11-09T14:52:25.345Z - info: Site data built
2018-11-09T14:54:04.863Z - info: [22:54:04] Reload for file change: C:\repos\nus-cs2103-AY1819S1\cs2103-website\admin\projectGrading.md
2018-11-09T14:54:05.866Z - verbose: Rebuild affected paths: C:\repos\nus-cs2103-AY1819S1\cs2103-website\admin\projectGrading.md
2018-11-09T14:54:05.868Z - info: Rebuilding 1 pages
2018-11-09T14:54:05.929Z - info: Pages rebuilt
2018-11-09T14:54:05.936Z - info: Site data built
2018-11-09T14:54:59.194Z - info: [22:54:59] Reload for file change: C:\repos\nus-cs2103-AY1819S1\cs2103-website\admin\projectGrading.md
2018-11-09T14:55:00.197Z - verbose: Rebuild affected paths: C:\repos\nus-cs2103-AY1819S1\cs2103-website\admin\projectGrading.md
2018-11-09T14:55:00.200Z - info: Rebuilding 1 pages
2018-11-09T14:55:00.264Z - info: Pages rebuilt
2018-11-09T14:55:00.271Z - info: Site data built
2018-11-09T14:55:52.300Z - info: [22:55:52] Reload for file change: C:\repos\nus-cs2103-AY1819S1\cs2103-website\admin\projectGrading.md
2018-11-09T14:55:53.302Z - verbose: Rebuild affected paths: C:\repos\nus-cs2103-AY1819S1\cs2103-website\admin\projectGrading.md
2018-11-09T14:55:53.304Z - info: Rebuilding 1 pages
2018-11-09T14:55:53.359Z - info: Pages rebuilt
2018-11-09T14:55:53.370Z - info: Site data built
2018-11-09T14:56:47.135Z - info: [22:56:47] Reload for file change: C:\repos\nus-cs2103-AY1819S1\cs2103-website\admin\projectGrading.md
2018-11-09T14:56:48.139Z - verbose: Rebuild affected paths: C:\repos\nus-cs2103-AY1819S1\cs2103-website\admin\projectGrading.md
2018-11-09T14:56:48.141Z - info: Rebuilding 1 pages
2018-11-09T14:56:48.201Z - info: Pages rebuilt
2018-11-09T14:56:48.208Z - info: Site data built
2018-11-09T14:57:18.594Z - info: [22:57:18] Reload for file change: C:\repos\nus-cs2103-AY1819S1\cs2103-website\admin\projectGrading.md
2018-11-09T14:57:19.597Z - verbose: Rebuild affected paths: C:\repos\nus-cs2103-AY1819S1\cs2103-website\admin\projectGrading.md
2018-11-09T14:57:19.599Z - info: Rebuilding 1 pages
2018-11-09T14:57:19.658Z - info: Pages rebuilt
2018-11-09T14:57:19.663Z - info: Site data built
2018-11-09T14:57:27.446Z - info: [22:57:27] Reload for file change: C:\repos\nus-cs2103-AY1819S1\cs2103-website\admin\projectGrading.md
2018-11-09T14:57:28.448Z - verbose: Rebuild affected paths: C:\repos\nus-cs2103-AY1819S1\cs2103-website\admin\projectGrading.md
2018-11-09T14:57:28.452Z - info: Rebuilding 1 pages
2018-11-09T14:57:28.525Z - info: Pages rebuilt
2018-11-09T14:57:28.527Z - info: Site data built
2018-11-09T14:57:55.431Z - info: [22:57:55] Reload for file change: C:\repos\nus-cs2103-AY1819S1\cs2103-website\admin\projectGrading.md
2018-11-09T14:57:56.434Z - verbose: Rebuild affected paths: C:\repos\nus-cs2103-AY1819S1\cs2103-website\admin\projectGrading.md
2018-11-09T14:57:56.436Z - info: Rebuilding 1 pages
2018-11-09T14:57:56.496Z - info: Pages rebuilt
2018-11-09T14:57:56.499Z - info: Site data built
2018-11-09T14:59:28.934Z - info: [22:59:28] Reload for file change: C:\repos\nus-cs2103-AY1819S1\cs2103-website\admin\projectGrading.md
2018-11-09T14:59:29.936Z - verbose: Rebuild affected paths: C:\repos\nus-cs2103-AY1819S1\cs2103-website\admin\projectGrading.md
2018-11-09T14:59:29.938Z - info: Rebuilding 1 pages
2018-11-09T14:59:30.001Z - info: Pages rebuilt
2018-11-09T14:59:30.006Z - info: Site data built
2018-11-09T15:00:33.240Z - info: [23:00:33] Reload for file change: C:\repos\nus-cs2103-AY1819S1\cs2103-website\admin\projectGrading.md
2018-11-09T15:00:34.242Z - verbose: Rebuild affected paths: C:\repos\nus-cs2103-AY1819S1\cs2103-website\admin\projectGrading.md
2018-11-09T15:00:34.244Z - info: Rebuilding 1 pages
2018-11-09T15:00:34.296Z - info: Pages rebuilt
2018-11-09T15:00:34.300Z - info: Site data built
2018-11-09T15:04:16.261Z - info: [23:04:16] Reload for file change: C:\repos\nus-cs2103-AY1819S1\cs2103-website\admin\projectGrading.md
2018-11-09T15:04:17.264Z - verbose: Rebuild affected paths: C:\repos\nus-cs2103-AY1819S1\cs2103-website\admin\projectGrading.md
2018-11-09T15:04:17.267Z - info: Rebuilding 1 pages
2018-11-09T15:04:17.336Z - info: Pages rebuilt
2018-11-09T15:04:17.342Z - info: Site data built
2018-11-09T15:04:53.780Z - info: [23:04:53] Reload for file change: C:\repos\nus-cs2103-AY1819S1\cs2103-website\admin\projectGrading.md
2018-11-09T15:04:54.782Z - verbose: Rebuild affected paths: C:\repos\nus-cs2103-AY1819S1\cs2103-website\admin\projectGrading.md
2018-11-09T15:04:54.784Z - info: Rebuilding 1 pages
2018-11-09T15:04:54.834Z - info: Pages rebuilt
2018-11-09T15:04:54.840Z - info: Site data built
2018-11-09T15:05:02.768Z - info: [23:05:02] Reload for file change: C:\repos\nus-cs2103-AY1819S1\cs2103-website\admin\projectGrading.md
2018-11-09T15:05:03.772Z - verbose: Rebuild affected paths: C:\repos\nus-cs2103-AY1819S1\cs2103-website\admin\projectGrading.md
2018-11-09T15:05:03.774Z - info: Rebuilding 1 pages
2018-11-09T15:05:03.834Z - info: Pages rebuilt
2018-11-09T15:05:03.842Z - info: Site data built
2018-11-09T15:05:07.929Z - info: [23:05:07] Reload for file change: C:\repos\nus-cs2103-AY1819S1\cs2103-website\admin\projectGrading.md
2018-11-09T15:05:08.932Z - verbose: Rebuild affected paths: C:\repos\nus-cs2103-AY1819S1\cs2103-website\admin\projectGrading.md
2018-11-09T15:05:08.934Z - info: Rebuilding 1 pages
2018-11-09T15:05:08.990Z - info: Pages rebuilt
2018-11-09T15:05:09.001Z - info: Site data built
2018-11-09T15:05:22.608Z - info: [23:05:22] Reload for file change: C:\repos\nus-cs2103-AY1819S1\cs2103-website\admin\projectGrading.md
2018-11-09T15:05:23.616Z - verbose: Rebuild affected paths: C:\repos\nus-cs2103-AY1819S1\cs2103-website\admin\projectGrading.md
2018-11-09T15:05:23.618Z - info: Rebuilding 1 pages
2018-11-09T15:05:23.798Z - info: Pages rebuilt
2018-11-09T15:05:23.803Z - info: Site data built
2018-11-09T15:05:46.458Z - info: [23:05:46] Reload for file change: C:\repos\nus-cs2103-AY1819S1\cs2103-website\admin\projectGrading.md
2018-11-09T15:05:47.462Z - verbose: Rebuild affected paths: C:\repos\nus-cs2103-AY1819S1\cs2103-website\admin\projectGrading.md
2018-11-09T15:05:47.464Z - info: Rebuilding 1 pages
2018-11-09T15:05:47.526Z - info: Pages rebuilt
2018-11-09T15:05:47.530Z - info: Site data built
2018-11-09T15:06:11.498Z - info: [23:06:11] Reload for file change: C:\repos\nus-cs2103-AY1819S1\cs2103-website\admin\projectGrading.md
2018-11-09T15:06:12.499Z - verbose: Rebuild affected paths: C:\repos\nus-cs2103-AY1819S1\cs2103-website\admin\projectGrading.md
2018-11-09T15:06:12.501Z - info: Rebuilding 1 pages
2018-11-09T15:06:12.563Z - info: Pages rebuilt
2018-11-09T15:06:12.573Z - info: Site data built
2018-11-09T15:09:09.562Z - info: [23:09:09] Reload for file change: C:\repos\nus-cs2103-AY1819S1\cs2103-website\admin\projectGrading.md
2018-11-09T15:09:10.566Z - verbose: Rebuild affected paths: C:\repos\nus-cs2103-AY1819S1\cs2103-website\admin\projectGrading.md
2018-11-09T15:09:10.568Z - info: Rebuilding 1 pages
2018-11-09T15:09:10.612Z - info: Pages rebuilt
2018-11-09T15:09:10.620Z - info: Site data built
2018-11-09T15:14:37.965Z - info: [23:14:37] Reload for file change: C:\repos\nus-cs2103-AY1819S1\cs2103-website\admin\projectGrading.md
2018-11-09T15:14:38.974Z - verbose: Rebuild affected paths: C:\repos\nus-cs2103-AY1819S1\cs2103-website\admin\projectGrading.md
2018-11-09T15:14:38.994Z - info: Rebuilding 1 pages
2018-11-09T15:14:39.072Z - info: Pages rebuilt
2018-11-09T15:14:39.082Z - info: Site data built
2018-11-09T15:15:14.868Z - info: [23:15:14] Reload for file change: C:\repos\nus-cs2103-AY1819S1\cs2103-website\admin\projectGrading.md
2018-11-09T15:15:15.873Z - verbose: Rebuild affected paths: C:\repos\nus-cs2103-AY1819S1\cs2103-website\admin\projectGrading.md
2018-11-09T15:15:15.875Z - info: Rebuilding 1 pages
2018-11-09T15:15:15.933Z - info: Pages rebuilt
2018-11-09T15:15:15.941Z - info: Site data built
2018-11-09T15:15:21.762Z - info: [23:15:21] Reload for file change: C:\repos\nus-cs2103-AY1819S1\cs2103-website\admin\projectGrading.md
2018-11-09T15:15:22.766Z - verbose: Rebuild affected paths: C:\repos\nus-cs2103-AY1819S1\cs2103-website\admin\projectGrading.md
2018-11-09T15:15:22.768Z - info: Rebuilding 1 pages
2018-11-09T15:15:22.825Z - info: Pages rebuilt
2018-11-09T15:15:22.835Z - info: Site data built
2018-11-09T15:15:28.426Z - info: [23:15:28] Reload for file change: C:\repos\nus-cs2103-AY1819S1\cs2103-website\admin\projectGrading.md
2018-11-09T15:15:29.429Z - verbose: Rebuild affected paths: C:\repos\nus-cs2103-AY1819S1\cs2103-website\admin\projectGrading.md
2018-11-09T15:15:29.431Z - info: Rebuilding 1 pages
2018-11-09T15:15:29.485Z - info: Pages rebuilt
2018-11-09T15:15:29.493Z - info: Site data built
2018-11-09T15:15:37.850Z - info: [23:15:37] Reload for file change: C:\repos\nus-cs2103-AY1819S1\cs2103-website\admin\projectGrading.md
2018-11-09T15:15:39.400Z - verbose: Rebuild affected paths: C:\repos\nus-cs2103-AY1819S1\cs2103-website\admin\projectGrading.md
2018-11-09T15:15:39.402Z - info: Rebuilding 1 pages
2018-11-09T15:15:39.456Z - info: Pages rebuilt
2018-11-09T15:15:39.463Z - info: Site data built
