2019-01-26T01:16:32.904Z - info: Website generation started at 9:16:32 AM
2019-01-26T01:16:36.419Z - info: Building assets...
2019-01-26T01:16:39.788Z - info: Assets built
2019-01-26T01:16:39.789Z - info: Generating pages...
2019-01-26T01:19:03.646Z - info: Pages built
2019-01-26T01:19:42.859Z - info: Website generation complete! Total build time: 189.975s
2019-01-26T01:19:42.896Z - info: Generate Site durationMs=190013
2019-01-26T01:19:43.750Z - info: Serving "D:\Teaching\CS2103\cs2103-website\_site" at http://127.0.0.1:8080
2019-01-26T01:19:43.751Z - info: Press CTRL+C to stop ...
2019-01-26T01:19:43.804Z - info: Site data built
2019-01-26T01:43:26.206Z - info: Website generation started at 9:43:17 AM
2019-01-26T01:43:30.276Z - info: Building assets...
2019-01-26T01:43:33.669Z - info: Assets built
2019-01-26T01:43:33.670Z - info: Generating pages...
2019-01-26T01:45:35.192Z - info: Pages built
2019-01-26T01:46:04.404Z - info: Website generation complete! Total build time: 166.776s
2019-01-26T01:46:04.444Z - info: Generate Site durationMs=166817
2019-01-26T01:46:05.238Z - info: Serving "D:\Teaching\CS2103\cs2103-website\_site" at http://127.0.0.1:8080
2019-01-26T01:46:05.239Z - info: Press CTRL+C to stop ...
2019-01-26T01:46:05.296Z - info: Site data built
2019-01-26T01:48:23.113Z - info: [9:48:23 AM] Reload for file change: D:\Teaching\CS2103\cs2103-website\schedule\week3\tutorial-cs2103.md
2019-01-26T01:48:24.118Z - info: Rebuilding affected source files
2019-01-26T01:48:24.129Z - info: Rebuilding 3 pages
2019-01-26T01:48:44.608Z - info: Pages rebuilt
2019-01-26T01:48:44.633Z - info: Site data built
2019-01-26T01:49:23.089Z - info: [9:49:23 AM] Reload for file change: D:\Teaching\CS2103\cs2103-website\schedule\week3\tutorial-cs2103.md
2019-01-26T01:49:24.093Z - info: Rebuilding affected source files
2019-01-26T01:49:24.098Z - info: Rebuilding 3 pages
2019-01-26T01:49:43.930Z - info: Pages rebuilt
2019-01-26T01:49:43.965Z - info: Site data built
2019-01-26T01:49:59.785Z - info: [9:49:59 AM] Reload for file change: D:\Teaching\CS2103\cs2103-website\schedule\week3\tutorial-cs2103.md
2019-01-26T01:50:00.788Z - info: Rebuilding affected source files
2019-01-26T01:50:00.795Z - info: Rebuilding 3 pages
2019-01-26T01:50:20.375Z - info: Pages rebuilt
2019-01-26T01:50:20.398Z - info: Site data built
2019-01-26T01:53:23.587Z - info: [9:53:23 AM] Reload for file change: D:\Teaching\CS2103\cs2103-website\schedule\week3\tutorial-cs2103.md
2019-01-26T01:53:24.593Z - info: Rebuilding affected source files
2019-01-26T01:53:24.597Z - info: Rebuilding 3 pages
2019-01-26T01:53:42.665Z - info: Pages rebuilt
2019-01-26T01:53:42.907Z - info: Site data built
2019-01-26T01:53:50.742Z - info: [9:53:50 AM] Reload for file change: D:\Teaching\CS2103\cs2103-website\schedule\week3\tutorial-cs2103.md
2019-01-26T01:53:51.744Z - info: Rebuilding affected source files
2019-01-26T01:53:51.747Z - info: Rebuilding 3 pages
2019-01-26T01:54:13.799Z - info: Pages rebuilt
2019-01-26T01:54:13.821Z - info: Site data built
2019-01-26T02:03:02.799Z - info: [10:03:02 AM] Reload for file change: D:\Teaching\CS2103\cs2103-website\schedule\week3\tutorial-cs2103.md
2019-01-26T02:03:03.806Z - info: Rebuilding affected source files
2019-01-26T02:03:03.810Z - info: Rebuilding 3 pages
2019-01-26T02:03:21.736Z - info: Pages rebuilt
2019-01-26T02:03:21.769Z - info: Site data built
2019-01-26T02:08:05.556Z - warn: Command 'build;' doesn't exist, run "markbind --help" to list commands.
2019-01-26T02:16:25.264Z - info: Website generation started at 10:16:20 AM
2019-01-26T02:16:28.364Z - info: Building assets...
2019-01-26T02:16:31.378Z - info: Assets built
2019-01-26T02:16:31.379Z - info: Generating pages...
2019-01-26T02:18:38.279Z - info: Pages built
2019-01-26T02:18:38.559Z - info: Site data built
2019-01-26T02:18:38.560Z - info: Website generation complete! Total build time: 137.62s
2019-01-26T02:18:38.561Z - info: Build success!
2019-01-26T02:18:38.562Z - info: Generate Site durationMs=137623
2019-01-26T02:21:42.397Z - error: Cloning into 'C:\Users\anarayan\AppData\Roaming\npm\node_modules\markbind-cli\node_modules\gh-pages\.cache\git@github.com!nus-cs2103-AY1819S2!cs2103-website.git'...
git@github.com: Permission denied (publickey).
fatal: Could not read from remote repository.

Please make sure you have the correct access rights
and the repository exists.

2019-01-26T02:31:54.861Z - error: 
*** Please tell me who you are.

Run

  git config --global user.email "you@example.com"
  git config --global user.name "Your Name"

to set your account's default identity.
Omit --global to set the identity only in this repository.

fatal: unable to auto-detect email address (got 'anarayan@5CD847C7SY.(none)')

2019-01-26T02:34:13.976Z - error: 
*** Please tell me who you are.

Run

  git config --global user.email "you@example.com"
  git config --global user.name "Your Name"

to set your account's default identity.
Omit --global to set the identity only in this repository.

fatal: unable to auto-detect email address (got 'anarayan@5CD847C7SY.(none)')

2019-01-26T02:36:59.818Z - info: Deployed!
