2018-10-15T12:28:56.231Z - info: Website generation started at 20:28:42
2018-10-15T12:29:27.167Z - info: Building assets...
2018-10-15T12:29:42.774Z - info: Assets built
2018-10-15T12:29:42.775Z - info: Generating pages...
2018-10-15T12:31:53.032Z - info: Pages built
2018-10-15T12:31:53.904Z - info: Site data built
2018-10-15T12:31:53.904Z - info: Website generation complete! Total build time: 191.14s
2018-10-15T12:31:53.920Z - info: Generate Site durationMs=191155
2018-10-15T12:31:54.613Z - info: Serving "C:\repos\nus-cs2103-AY1819S1\cs2103-website\_site" at http://127.0.0.1:8080
2018-10-15T12:31:54.613Z - info: Press CTRL+C to stop ...
2018-10-15T12:34:58.308Z - info: [20:34:58] Reload for file change: C:\repos\nus-cs2103-AY1819S1\cs2103-website\admin\reposenseConfigTemplates.md
2018-10-15T12:34:59.313Z - verbose: Rebuild affected paths: C:\repos\nus-cs2103-AY1819S1\cs2103-website\admin\reposenseConfigTemplates.md
2018-10-15T12:34:59.313Z - info: Rebuilding 1 pages
2018-10-15T12:34:59.741Z - info: Pages rebuilt
2018-10-15T12:34:59.756Z - info: Site data built
2018-10-15T12:36:18.865Z - info: [20:36:18] Reload for file change: C:\repos\nus-cs2103-AY1819S1\cs2103-website\admin\reposenseConfigTemplates.md
2018-10-15T12:36:19.882Z - verbose: Rebuild affected paths: C:\repos\nus-cs2103-AY1819S1\cs2103-website\admin\reposenseConfigTemplates.md
2018-10-15T12:36:19.882Z - info: Rebuilding 1 pages
2018-10-15T12:36:20.131Z - info: Pages rebuilt
2018-10-15T12:36:20.131Z - info: Site data built
2018-10-15T12:36:28.410Z - info: [20:36:28] Reload for file change: C:\repos\nus-cs2103-AY1819S1\cs2103-website\admin\reposenseConfigTemplates.md
2018-10-15T12:36:29.433Z - verbose: Rebuild affected paths: C:\repos\nus-cs2103-AY1819S1\cs2103-website\admin\reposenseConfigTemplates.md
2018-10-15T12:36:29.433Z - info: Rebuilding 1 pages
2018-10-15T12:36:29.671Z - info: Pages rebuilt
2018-10-15T12:36:29.687Z - info: Site data built
2018-10-15T12:39:39.335Z - info: [20:39:39] Reload for file change: C:\repos\nus-cs2103-AY1819S1\cs2103-website\admin\reposenseConfigTemplates.md
2018-10-15T12:39:40.352Z - verbose: Rebuild affected paths: C:\repos\nus-cs2103-AY1819S1\cs2103-website\admin\reposenseConfigTemplates.md
2018-10-15T12:39:40.352Z - info: Rebuilding 1 pages
2018-10-15T12:39:40.630Z - info: Pages rebuilt
2018-10-15T12:39:40.646Z - info: Site data built
2018-10-15T12:42:51.681Z - info: Website generation started at 20:42:47
2018-10-15T12:43:00.867Z - info: Building assets...
2018-10-15T12:43:16.309Z - info: Assets built
2018-10-15T12:43:16.310Z - info: Generating pages...
2018-10-15T12:44:40.049Z - info: Pages built
2018-10-15T12:44:40.233Z - info: Site data built
2018-10-15T12:44:40.233Z - info: Website generation complete! Total build time: 112.497s
2018-10-15T12:44:40.233Z - info: Build success!
2018-10-15T12:44:40.234Z - info: Generate Site durationMs=112498
2018-10-15T12:46:59.653Z - info: Deployed!
