2018-08-05T04:40:52.676Z - info: Website generation started at 12:40:52
2018-08-05T04:40:54.338Z - info: Building assets...
2018-08-05T04:40:57.145Z - info: Assets built
2018-08-05T04:40:57.145Z - info: Generating pages...
2018-08-05T04:42:22.798Z - info: Pages built
2018-08-05T04:42:22.876Z - info: Site data built
2018-08-05T04:42:22.876Z - info: Website generation complete! Total build time: 90.244s
2018-08-05T04:42:22.876Z - info: Generate Site durationMs=90244
2018-08-05T04:42:22.907Z - info: Serving "C:\repos\nus-cs2103-AY1819S1\cs2103-website\_site" at http://127.0.0.1:8080
2018-08-05T04:42:22.907Z - info: Press CTRL+C to stop ...
2018-08-05T04:58:59.369Z - info: [12:58:59] Reload for file change: C:\repos\nus-cs2103-AY1819S1\cs2103-website\_markbind\variables.md
2018-08-05T04:59:00.393Z - verbose: Rebuild affected paths: C:\repos\nus-cs2103-AY1819S1\cs2103-website\_markbind\variables.md
2018-08-05T04:59:00.549Z - warn: Rebuilding all pages as variables file was changed
2018-08-05T04:59:00.580Z - info: Rebuilding 146 pages
2018-08-05T05:00:13.174Z - info: Pages rebuilt
2018-08-05T05:00:13.210Z - info: Site data built
2018-08-05T05:05:12.446Z - info: [13:05:12] Reload for file change: C:\repos\nus-cs2103-AY1819S1\cs2103-website\_markbind\variables.md
2018-08-05T05:05:13.465Z - verbose: Rebuild affected paths: C:\repos\nus-cs2103-AY1819S1\cs2103-website\_markbind\variables.md
2018-08-05T05:05:13.610Z - warn: Rebuilding all pages as variables file was changed
2018-08-05T05:05:13.626Z - info: Rebuilding 146 pages
2018-08-05T05:06:25.617Z - info: Pages rebuilt
2018-08-05T05:06:25.645Z - info: Site data built
2018-08-05T05:12:36.599Z - info: [13:12:36] Reload for file change: C:\repos\nus-cs2103-AY1819S1\cs2103-website\_markbind\variables.md
2018-08-05T05:12:37.625Z - verbose: Rebuild affected paths: C:\repos\nus-cs2103-AY1819S1\cs2103-website\_markbind\variables.md
2018-08-05T05:12:37.781Z - warn: Rebuilding all pages as variables file was changed
2018-08-05T05:12:37.797Z - info: Rebuilding 146 pages
2018-08-05T05:14:04.681Z - info: Pages rebuilt
2018-08-05T05:14:04.697Z - info: Site data built
2018-08-05T05:18:56.651Z - info: [13:18:56] Reload for file change: C:\repos\nus-cs2103-AY1819S1\cs2103-website\admin\projectList.md
2018-08-05T05:18:57.655Z - verbose: Rebuild affected paths: C:\repos\nus-cs2103-AY1819S1\cs2103-website\admin\projectList.md
2018-08-05T05:18:57.658Z - info: Rebuilding 1 pages
2018-08-05T05:18:57.715Z - info: Pages rebuilt
2018-08-05T05:18:57.726Z - info: Site data built
2018-08-05T05:28:11.851Z - info: Website generation started at 13:28:09
2018-08-05T05:28:13.325Z - info: Building assets...
