2018-08-17T14:46:10.778Z - info: Website generation started at 22:46:08
2018-08-17T14:46:13.279Z - info: Building assets...
2018-08-17T14:46:15.259Z - info: Assets built
2018-08-17T14:46:15.260Z - info: Generating pages...
2018-08-17T14:47:48.345Z - info: Pages built
2018-08-17T14:47:48.419Z - info: Site data built
2018-08-17T14:47:48.419Z - info: Website generation complete! Total build time: 100.119s
2018-08-17T14:47:48.432Z - info: Generate Site durationMs=100132
2018-08-17T14:47:48.458Z - info: Serving "C:\repos\nus-cs2103-AY1819S1\cs2103-website\_site" at http://127.0.0.1:8080
2018-08-17T14:47:48.458Z - info: Press CTRL+C to stop ...
2018-08-17T14:53:33.840Z - info: Website generation started at 22:53:31
2018-08-17T14:53:35.112Z - info: Building assets...
2018-08-17T14:53:36.960Z - info: Assets built
2018-08-17T14:53:36.960Z - info: Generating pages...
2018-08-17T14:54:57.515Z - info: Pages built
2018-08-17T14:54:57.594Z - info: Site data built
2018-08-17T14:54:57.594Z - info: Website generation complete! Total build time: 86.252s
2018-08-17T14:54:57.595Z - info: Build success!
2018-08-17T14:54:57.595Z - info: Generate Site durationMs=86253
2018-08-17T14:55:41.057Z - info: Deployed!
