2018-10-31T07:52:37.888Z - info: Website generation started at 15:52:22
2018-10-31T07:53:20.097Z - info: Building assets...
2018-10-31T07:53:37.678Z - info: Assets built
2018-10-31T07:53:37.678Z - info: Generating pages...
2018-10-31T07:55:11.233Z - info: Pages built
2018-10-31T07:55:12.274Z - info: Site data built
2018-10-31T07:55:12.274Z - info: Website generation complete! Total build time: 169.508s
2018-10-31T07:55:12.289Z - info: Generate Site durationMs=169523
2018-10-31T07:55:12.702Z - info: Serving "C:\repos\nus-cs2103-AY1819S1\cs2103-website\_site" at http://127.0.0.1:8080
2018-10-31T07:55:12.702Z - info: Press CTRL+C to stop ...
2018-10-31T08:29:26.220Z - info: [16:29:26] Reload for file change: C:\repos\nus-cs2103-AY1819S1\cs2103-website\admin\project-w12-mid-v14.md
2018-10-31T08:29:27.225Z - verbose: Rebuild affected paths: C:\repos\nus-cs2103-AY1819S1\cs2103-website\admin\project-w12-mid-v14.md
2018-10-31T08:29:27.230Z - info: Rebuilding 5 pages
2018-10-31T08:30:04.978Z - info: Pages rebuilt
2018-10-31T08:30:05.015Z - info: Site data built
2018-10-31T08:33:35.993Z - info: [16:33:35] Reload for file change: C:\repos\nus-cs2103-AY1819S1\cs2103-website\admin\project-w12-mid-v14.md
2018-10-31T08:33:36.003Z - info: [16:33:36] Reload for file change: C:\repos\nus-cs2103-AY1819S1\cs2103-website\admin\tools.md
2018-10-31T08:33:36.995Z - verbose: Rebuild affected paths: C:\repos\nus-cs2103-AY1819S1\cs2103-website\admin\project-w12-mid-v14.md,C:\repos\nus-cs2103-AY1819S1\cs2103-website\admin\tools.md
2018-10-31T08:33:37.000Z - info: Rebuilding 8 pages
2018-10-31T08:33:59.253Z - info: [16:33:59] Reload for file change: C:\repos\nus-cs2103-AY1819S1\cs2103-website\admin\project-w12-mid-v14.md
2018-10-31T08:33:59.440Z - info: [16:33:59] Reload for file change: C:\repos\nus-cs2103-AY1819S1\cs2103-website\admin\project-w12-mid-v14.md
2018-10-31T08:34:08.623Z - info: Pages rebuilt
2018-10-31T08:34:08.650Z - info: Site data built
2018-10-31T08:34:08.920Z - verbose: Rebuild affected paths: C:\repos\nus-cs2103-AY1819S1\cs2103-website\admin\project-w12-mid-v14.md
2018-10-31T08:34:08.922Z - info: Rebuilding 5 pages
2018-10-31T08:34:35.643Z - info: Pages rebuilt
2018-10-31T08:34:35.674Z - info: Site data built
2018-10-31T08:39:12.529Z - info: [16:39:12] Reload for file change: C:\repos\nus-cs2103-AY1819S1\cs2103-website\admin\reposenseCompatibility.md
2018-10-31T08:39:13.532Z - verbose: Rebuild affected paths: C:\repos\nus-cs2103-AY1819S1\cs2103-website\admin\reposenseCompatibility.md
2018-10-31T08:39:13.538Z - info: Rebuilding 14 pages
2018-10-31T08:39:47.181Z - info: Pages rebuilt
2018-10-31T08:39:47.225Z - info: Site data built
2018-10-31T12:37:37.109Z - info: Website generation started at 20:37:24
2018-10-31T12:38:09.496Z - info: Building assets...
