2018-10-30T03:20:10.160Z - info: Website generation started at 11:19:55
2018-10-30T03:21:00.346Z - info: Building assets...
2018-10-30T03:21:19.470Z - info: Assets built
2018-10-30T03:21:19.470Z - info: Generating pages...
2018-10-30T03:22:56.698Z - info: Pages built
2018-10-30T03:23:00.051Z - info: Site data built
2018-10-30T03:23:00.052Z - info: Website generation complete! Total build time: 184.551s
2018-10-30T03:23:00.061Z - info: Generate Site durationMs=184560
2018-10-30T03:23:00.486Z - info: Serving "C:\repos\nus-cs2103-AY1819S1\cs2103-website\_site" at http://127.0.0.1:8080
2018-10-30T03:23:00.486Z - info: Press CTRL+C to stop ...
2018-10-30T03:27:25.560Z - info: [11:27:25] Reload for file change: C:\repos\nus-cs2103-AY1819S1\cs2103-website\admin\project-deliverables.md
2018-10-30T03:27:26.577Z - verbose: Rebuild affected paths: C:\repos\nus-cs2103-AY1819S1\cs2103-website\admin\project-deliverables.md
2018-10-30T03:27:26.577Z - info: Rebuilding 30 pages
2018-10-30T03:28:15.422Z - info: Pages rebuilt
2018-10-30T03:28:15.457Z - info: Site data built
2018-10-30T03:29:03.486Z - info: [11:29:03] Reload for file change: C:\repos\nus-cs2103-AY1819S1\cs2103-website\admin\project-deliverables.md
2018-10-30T03:29:04.495Z - verbose: Rebuild affected paths: C:\repos\nus-cs2103-AY1819S1\cs2103-website\admin\project-deliverables.md
2018-10-30T03:29:04.500Z - info: Rebuilding 26 pages
2018-10-30T03:29:46.877Z - info: Pages rebuilt
2018-10-30T03:29:46.907Z - info: Site data built
2018-10-30T03:30:20.991Z - info: [11:30:20] Reload for file change: C:\repos\nus-cs2103-AY1819S1\cs2103-website\admin\project-deliverables.md
2018-10-30T03:30:22.019Z - verbose: Rebuild affected paths: C:\repos\nus-cs2103-AY1819S1\cs2103-website\admin\project-deliverables.md
2018-10-30T03:30:22.019Z - info: Rebuilding 26 pages
2018-10-30T03:31:03.948Z - info: Pages rebuilt
2018-10-30T03:31:03.979Z - info: Site data built
2018-10-30T03:34:05.508Z - info: [11:34:05] Reload for file change: C:\repos\nus-cs2103-AY1819S1\cs2103-website\admin\project-deliverables.md
2018-10-30T03:34:06.519Z - verbose: Rebuild affected paths: C:\repos\nus-cs2103-AY1819S1\cs2103-website\admin\project-deliverables.md
2018-10-30T03:34:06.527Z - info: Rebuilding 26 pages
2018-10-30T03:34:49.572Z - info: Pages rebuilt
2018-10-30T03:34:49.610Z - info: Site data built
2018-10-30T03:36:30.216Z - info: [11:36:30] Reload for file change: C:\repos\nus-cs2103-AY1819S1\cs2103-website\admin\project-testing.mbdf
2018-10-30T03:36:31.232Z - verbose: Rebuild affected paths: C:\repos\nus-cs2103-AY1819S1\cs2103-website\admin\project-testing.mbdf
2018-10-30T03:36:31.232Z - info: Rebuilding 24 pages
2018-10-30T03:37:15.354Z - info: Pages rebuilt
2018-10-30T03:37:15.379Z - info: Site data built
2018-10-30T04:11:07.746Z - info: [12:11:07] Reload for file change: C:\repos\nus-cs2103-AY1819S1\cs2103-website\admin\project-deliverables.md
2018-10-30T04:11:07.746Z - info: [12:11:07] Reload for file change: C:\repos\nus-cs2103-AY1819S1\cs2103-website\admin\project-deliverables.md
2018-10-30T04:11:08.762Z - verbose: Rebuild affected paths: C:\repos\nus-cs2103-AY1819S1\cs2103-website\admin\project-deliverables.md
2018-10-30T04:11:08.794Z - info: Rebuilding 25 pages
2018-10-30T04:11:30.948Z - info: [12:11:30] Reload for file change: C:\repos\nus-cs2103-AY1819S1\cs2103-website\admin\project-scope.md
2018-10-30T04:12:01.360Z - info: Pages rebuilt
2018-10-30T04:12:01.421Z - info: Site data built
2018-10-30T04:12:01.847Z - verbose: Rebuild affected paths: C:\repos\nus-cs2103-AY1819S1\cs2103-website\admin\project-scope.md
2018-10-30T04:12:01.851Z - info: Rebuilding 21 pages
2018-10-30T04:12:42.570Z - info: Pages rebuilt
2018-10-30T04:12:42.595Z - info: Site data built
2018-10-30T04:18:32.239Z - info: Website generation started at 12:18:23
2018-10-30T04:19:04.593Z - info: Building assets...
2018-10-30T04:19:28.376Z - info: Assets built
2018-10-30T04:19:28.376Z - info: Generating pages...
2018-10-30T04:21:00.501Z - info: Pages built
2018-10-30T04:21:01.635Z - info: Site data built
2018-10-30T04:21:01.635Z - info: Website generation complete! Total build time: 158.147s
2018-10-30T04:21:01.635Z - info: Build success!
2018-10-30T04:21:01.635Z - info: Generate Site durationMs=158147
2018-10-30T04:22:45.249Z - info: Deployed!
