2018-10-01T06:01:52.397Z - info: Website generation started at 14:01:34
2018-10-01T06:02:52.729Z - info: Building assets...
2018-10-01T06:03:17.964Z - info: Assets built
2018-10-01T06:03:17.965Z - info: Generating pages...
2018-10-01T06:04:46.585Z - info: Pages built
2018-10-01T06:04:47.443Z - info: Site data built
2018-10-01T06:04:47.444Z - info: Website generation complete! Total build time: 192.934s
2018-10-01T06:04:47.483Z - info: Generate Site durationMs=192973
2018-10-01T06:04:47.892Z - info: Serving "C:\repos\nus-cs2103-AY1819S1\cs2103-website\_site" at http://127.0.0.1:8080
2018-10-01T06:04:47.892Z - info: Press CTRL+C to stop ...
2018-10-01T06:05:56.624Z - info: Website generation started at 14:05:54
2018-10-01T06:05:59.170Z - info: Building assets...
2018-10-01T06:06:02.481Z - info: Assets built
2018-10-01T06:06:02.481Z - info: Generating pages...
2018-10-01T06:07:21.752Z - info: Pages built
2018-10-01T06:07:21.930Z - info: Site data built
2018-10-01T06:07:21.930Z - info: Website generation complete! Total build time: 87.534s
2018-10-01T06:07:21.930Z - info: Build success!
2018-10-01T06:07:21.931Z - info: Generate Site durationMs=87535
2018-10-01T06:09:00.103Z - info: Deployed!
2018-10-01T06:28:34.215Z - info: Website generation started at 14:28:31
2018-10-01T06:28:36.623Z - info: Building assets...
2018-10-01T06:28:40.285Z - info: Assets built
2018-10-01T06:28:40.286Z - info: Generating pages...
2018-10-01T06:29:58.179Z - info: Pages built
2018-10-01T06:29:58.413Z - info: Site data built
2018-10-01T06:29:58.414Z - info: Website generation complete! Total build time: 86.745s
2018-10-01T06:29:58.423Z - info: Generate Site durationMs=86754
2018-10-01T06:29:58.764Z - info: Serving "C:\repos\nus-cs2103-AY1819S1\cs2103-website\_site" at http://127.0.0.1:8080
2018-10-01T06:29:58.764Z - info: Press CTRL+C to stop ...
2018-10-01T07:12:57.207Z - info: [15:12:57] Reload for file change: C:\repos\nus-cs2103-AY1819S1\cs2103-website\admin\project-w06-mid-v11.md
2018-10-01T07:12:58.239Z - verbose: Rebuild affected paths: C:\repos\nus-cs2103-AY1819S1\cs2103-website\admin\project-w06-mid-v11.md
2018-10-01T07:12:58.270Z - info: Rebuilding 13 pages
2018-10-01T07:13:05.967Z - info: [15:13:05] Reload for file change: C:\repos\nus-cs2103-AY1819S1\cs2103-website\admin\index-flat.md
2018-10-01T07:13:05.967Z - info: [15:13:05] Reload for file change: C:\repos\nus-cs2103-AY1819S1\cs2103-website\index.md
2018-10-01T07:13:08.029Z - info: [15:13:08] Reload for file change: C:\repos\nus-cs2103-AY1819S1\cs2103-website\schedule\index-flat.md
2018-10-01T07:13:08.029Z - info: [15:13:08] Reload for file change: C:\repos\nus-cs2103-AY1819S1\cs2103-website\schedule\week6\index-flat.md
2018-10-01T07:13:08.029Z - info: [15:13:08] Reload for file change: C:\repos\nus-cs2103-AY1819S1\cs2103-website\schedule\week7\index-flat.md
2018-10-01T07:13:08.029Z - info: [15:13:08] Reload for file change: C:\repos\nus-cs2103-AY1819S1\cs2103-website\schedule\week8\index-flat.md
2018-10-01T07:13:08.029Z - info: [15:13:08] Reload for file change: C:\repos\nus-cs2103-AY1819S1\cs2103-website\common\header.md
2018-10-01T07:13:08.029Z - info: [15:13:08] Reload for file change: C:\repos\nus-cs2103-AY1819S1\cs2103-website\book\_markbind\boilerplates\unit-inElsewhere-asFlat.md
2018-10-01T07:13:08.029Z - info: [15:13:08] Reload for file change: C:\repos\nus-cs2103-AY1819S1\cs2103-website\book\revisionControl\forkingWorkflow\text.md
2018-10-01T07:13:08.029Z - info: [15:13:08] Reload for file change: C:\repos\nus-cs2103-AY1819S1\cs2103-website\book\revisionControl\path.md
2018-10-01T07:13:08.029Z - info: [15:13:08] Reload for file change: C:\repos\nus-cs2103-AY1819S1\cs2103-website\_markbind\navigation\adminSiteNav.md
2018-10-01T07:13:08.029Z - info: [15:13:08] Reload for file change: C:\repos\nus-cs2103-AY1819S1\cs2103-website\_markbind\footers\footer.md
2018-10-01T07:13:08.029Z - info: [15:13:08] Reload for file change: C:\repos\nus-cs2103-AY1819S1\cs2103-website\admin\appendixE-gitHub.md
2018-10-01T07:13:08.029Z - info: [15:13:08] Reload for file change: C:\repos\nus-cs2103-AY1819S1\cs2103-website\admin\project-w07-v11.md
2018-10-01T07:13:08.029Z - info: [15:13:08] Reload for file change: C:\repos\nus-cs2103-AY1819S1\cs2103-website\admin\project-w08-mid-v12.md
2018-10-01T07:13:08.029Z - info: [15:13:08] Reload for file change: C:\repos\nus-cs2103-AY1819S1\cs2103-website\admin\project-deliverables.md
2018-10-01T07:13:08.029Z - info: [15:13:08] Reload for file change: C:\repos\nus-cs2103-AY1819S1\cs2103-website\admin\project-timeline.md
2018-10-01T07:13:08.029Z - info: [15:13:08] Reload for file change: C:\repos\nus-cs2103-AY1819S1\cs2103-website\admin\project-scope.md
2018-10-01T07:13:08.029Z - info: [15:13:08] Reload for file change: C:\repos\nus-cs2103-AY1819S1\cs2103-website\admin\appendixB-policies.md
2018-10-01T07:13:08.029Z - info: [15:13:08] Reload for file change: C:\repos\nus-cs2103-AY1819S1\cs2103-website\admin\policies.fr
2018-10-01T07:13:08.029Z - info: [15:13:08] Reload for file change: C:\repos\nus-cs2103-AY1819S1\cs2103-website\admin\collate.fr
2018-10-01T07:13:08.029Z - info: [15:13:08] Reload for file change: C:\repos\nus-cs2103-AY1819S1\cs2103-website\index-flat.md
2018-10-01T07:13:08.029Z - info: [15:13:08] Reload for file change: C:\repos\nus-cs2103-AY1819S1\cs2103-website\book\architecture\architecturalStyles\introduction\what\text.md
2018-10-01T07:13:08.029Z - info: [15:13:08] Reload for file change: C:\repos\nus-cs2103-AY1819S1\cs2103-website\book\architecture\architecturalStyles\introduction\path.md
2018-10-01T07:13:08.029Z - info: [15:13:08] Reload for file change: C:\repos\nus-cs2103-AY1819S1\cs2103-website\book\architecture\architecturalStyles\nTier\what\text.md
2018-10-01T07:13:08.029Z - info: [15:13:08] Reload for file change: C:\repos\nus-cs2103-AY1819S1\cs2103-website\book\architecture\architecturalStyles\nTier\path.md
2018-10-01T07:13:08.029Z - info: [15:13:08] Reload for file change: C:\repos\nus-cs2103-AY1819S1\cs2103-website\book\architecture\architecturalStyles\clientServer\what\text.md
2018-10-01T07:13:08.029Z - info: [15:13:08] Reload for file change: C:\repos\nus-cs2103-AY1819S1\cs2103-website\book\architecture\architecturalStyles\clientServer\path.md
2018-10-01T07:13:08.029Z - info: [15:13:08] Reload for file change: C:\repos\nus-cs2103-AY1819S1\cs2103-website\book\architecture\architecturalStyles\eventDriven\what\text.md
2018-10-01T07:13:08.029Z - info: [15:13:08] Reload for file change: C:\repos\nus-cs2103-AY1819S1\cs2103-website\book\architecture\architecturalStyles\eventDriven\path.md
2018-10-01T07:13:08.029Z - info: [15:13:08] Reload for file change: C:\repos\nus-cs2103-AY1819S1\cs2103-website\schedule\evidence\architecture.md
2018-10-01T07:13:08.029Z - info: [15:13:08] Reload for file change: C:\repos\nus-cs2103-AY1819S1\cs2103-website\book\architecture\architecturalStyles\transactionProcessing\what\text.md
2018-10-01T07:13:08.029Z - info: [15:13:08] Reload for file change: C:\repos\nus-cs2103-AY1819S1\cs2103-website\book\architecture\architecturalStyles\transactionProcessing\path.md
2018-10-01T07:13:08.029Z - info: [15:13:08] Reload for file change: C:\repos\nus-cs2103-AY1819S1\cs2103-website\book\architecture\architecturalStyles\serviceOriented\what\text.md
2018-10-01T07:13:08.029Z - info: [15:13:08] Reload for file change: C:\repos\nus-cs2103-AY1819S1\cs2103-website\book\architecture\architecturalStyles\serviceOriented\path.md
2018-10-01T07:13:08.029Z - info: [15:13:08] Reload for file change: C:\repos\nus-cs2103-AY1819S1\cs2103-website\book\architecture\architecturalStyles\more\moreStyles\text.md
2018-10-01T07:13:08.029Z - info: [15:13:08] Reload for file change: C:\repos\nus-cs2103-AY1819S1\cs2103-website\book\architecture\architecturalStyles\more\path.md
2018-10-01T07:13:08.029Z - info: [15:13:08] Reload for file change: C:\repos\nus-cs2103-AY1819S1\cs2103-website\book\architecture\architecturalStyles\more\usingStyles\text.md
2018-10-01T07:13:08.029Z - info: [15:13:08] Reload for file change: C:\repos\nus-cs2103-AY1819S1\cs2103-website\book\reuse\apis\what\text.md
2018-10-01T07:13:08.029Z - info: [15:13:08] Reload for file change: C:\repos\nus-cs2103-AY1819S1\cs2103-website\book\reuse\apis\path.md
2018-10-01T07:13:08.029Z - info: [15:13:08] Reload for file change: C:\repos\nus-cs2103-AY1819S1\cs2103-website\book\modeling\modelingBehaviors\sequenceDiagramsIntermediate\text.md
2018-10-01T07:13:08.029Z - info: [15:13:08] Reload for file change: C:\repos\nus-cs2103-AY1819S1\cs2103-website\book\modeling\modelingBehaviors\path.md
2018-10-01T07:13:08.029Z - info: [15:13:08] Reload for file change: C:\repos\nus-cs2103-AY1819S1\cs2103-website\book\uml\sequenceDiagrams\referenceFrames\text.md
2018-10-01T07:13:08.029Z - info: [15:13:08] Reload for file change: C:\repos\nus-cs2103-AY1819S1\cs2103-website\book\uml\sequenceDiagrams\path.md
2018-10-01T07:13:08.029Z - info: [15:13:08] Reload for file change: C:\repos\nus-cs2103-AY1819S1\cs2103-website\book\uml\sequenceDiagrams\parallelPaths\text.md
2018-10-01T07:13:08.029Z - info: [15:13:08] Reload for file change: C:\repos\nus-cs2103-AY1819S1\cs2103-website\book\codeQuality\maximiseReadability\introduction\text.md
2018-10-01T07:13:08.029Z - info: [15:13:08] Reload for file change: C:\repos\nus-cs2103-AY1819S1\cs2103-website\book\codeQuality\maximiseReadability\path.md
2018-10-01T07:13:08.029Z - info: [15:13:08] Reload for file change: C:\repos\nus-cs2103-AY1819S1\cs2103-website\book\codeQuality\maximiseReadability\basic\avoidLongMethods\text.md
2018-10-01T07:13:08.029Z - info: [15:13:08] Reload for file change: C:\repos\nus-cs2103-AY1819S1\cs2103-website\book\codeQuality\maximiseReadability\basic\path.md
2018-10-01T07:13:08.029Z - info: [15:13:08] Reload for file change: C:\repos\nus-cs2103-AY1819S1\cs2103-website\book\codeQuality\maximiseReadability\basic\avoidDeepNesting\text.md
2018-10-01T07:13:08.029Z - info: [15:13:08] Reload for file change: C:\repos\nus-cs2103-AY1819S1\cs2103-website\book\codeQuality\maximiseReadability\basic\avoidComplicatedExpressions\text.md
2018-10-01T07:13:08.044Z - info: [15:13:08] Reload for file change: C:\repos\nus-cs2103-AY1819S1\cs2103-website\book\codeQuality\maximiseReadability\basic\avoidMagicNumbers\text.md
2018-10-01T07:13:08.044Z - info: [15:13:08] Reload for file change: C:\repos\nus-cs2103-AY1819S1\cs2103-website\book\codeQuality\maximiseReadability\basic\makeCodeObvious\text.md
2018-10-01T07:13:08.044Z - info: [15:13:08] Reload for file change: C:\repos\nus-cs2103-AY1819S1\cs2103-website\book\codeQuality\maximiseReadability\intermediate\structureCodeLogically\text.md
2018-10-01T07:13:08.044Z - info: [15:13:08] Reload for file change: C:\repos\nus-cs2103-AY1819S1\cs2103-website\book\codeQuality\maximiseReadability\intermediate\path.md
2018-10-01T07:13:08.044Z - info: [15:13:08] Reload for file change: C:\repos\nus-cs2103-AY1819S1\cs2103-website\book\codeQuality\maximiseReadability\intermediate\dontTripReader\text.md
2018-10-01T07:13:08.044Z - info: [15:13:08] Reload for file change: C:\repos\nus-cs2103-AY1819S1\cs2103-website\book\codeQuality\maximiseReadability\intermediate\practiceKISSing\text.md
2018-10-01T07:13:08.044Z - info: [15:13:08] Reload for file change: C:\repos\nus-cs2103-AY1819S1\cs2103-website\book\codeQuality\maximiseReadability\intermediate\avoidPrematureOptimizations\text.md
2018-10-01T07:13:08.044Z - info: [15:13:08] Reload for file change: C:\repos\nus-cs2103-AY1819S1\cs2103-website\book\codeQuality\maximiseReadability\intermediate\slapHard\text.md
2018-10-01T07:13:08.044Z - info: [15:13:08] Reload for file change: C:\repos\nus-cs2103-AY1819S1\cs2103-website\book\designFundamentals\abstraction\what\text.md
2018-10-01T07:13:08.044Z - info: [15:13:08] Reload for file change: C:\repos\nus-cs2103-AY1819S1\cs2103-website\book\designFundamentals\abstraction\path.md
2018-10-01T07:13:08.044Z - info: [15:13:08] Reload for file change: C:\repos\nus-cs2103-AY1819S1\cs2103-website\book\common\definitions.md
2018-10-01T07:13:08.044Z - info: [15:13:08] Reload for file change: C:\repos\nus-cs2103-AY1819S1\cs2103-website\book\codeQuality\maximiseReadability\advanced\makeHappyPathProminent\text.md
2018-10-01T07:13:08.044Z - info: [15:13:08] Reload for file change: C:\repos\nus-cs2103-AY1819S1\cs2103-website\book\codeQuality\maximiseReadability\advanced\path.md
2018-10-01T07:13:08.044Z - info: [15:13:08] Reload for file change: C:\repos\nus-cs2103-AY1819S1\cs2103-website\book\codeQuality\nameWell\introduction\text.md
2018-10-01T07:13:08.044Z - info: [15:13:08] Reload for file change: C:\repos\nus-cs2103-AY1819S1\cs2103-website\book\codeQuality\nameWell\path.md
2018-10-01T07:13:08.044Z - info: [15:13:08] Reload for file change: C:\repos\nus-cs2103-AY1819S1\cs2103-website\book\codeQuality\nameWell\basic\nounsAndVerbsAsNames\text.md
2018-10-01T07:13:08.044Z - info: [15:13:08] Reload for file change: C:\repos\nus-cs2103-AY1819S1\cs2103-website\book\codeQuality\nameWell\basic\path.md
2018-10-01T07:13:08.044Z - info: [15:13:08] Reload for file change: C:\repos\nus-cs2103-AY1819S1\cs2103-website\book\codeQuality\nameWell\basic\useStandardWords\text.md
2018-10-01T07:13:08.044Z - info: [15:13:08] Reload for file change: C:\repos\nus-cs2103-AY1819S1\cs2103-website\book\codeQuality\nameWell\intermediate\useNameExplain\text.md
2018-10-01T07:13:08.044Z - info: [15:13:08] Reload for file change: C:\repos\nus-cs2103-AY1819S1\cs2103-website\book\codeQuality\nameWell\intermediate\path.md
2018-10-01T07:13:08.044Z - info: [15:13:08] Reload for file change: C:\repos\nus-cs2103-AY1819S1\cs2103-website\book\codeQuality\nameWell\intermediate\notTooLongNorShort\text.md
2018-10-01T07:13:08.044Z - info: [15:13:08] Reload for file change: C:\repos\nus-cs2103-AY1819S1\cs2103-website\book\codeQuality\nameWell\intermediate\avoidMisleadingNames\text.md
2018-10-01T07:13:08.044Z - info: [15:13:08] Reload for file change: C:\repos\nus-cs2103-AY1819S1\cs2103-website\book\codeQuality\avoidShortcuts\introduction\text.md
2018-10-01T07:13:08.044Z - info: [15:13:08] Reload for file change: C:\repos\nus-cs2103-AY1819S1\cs2103-website\book\codeQuality\avoidShortcuts\path.md
2018-10-01T07:13:08.044Z - info: [15:13:08] Reload for file change: C:\repos\nus-cs2103-AY1819S1\cs2103-website\book\codeQuality\avoidShortcuts\basic\useDefaultBranch\text.md
2018-10-01T07:13:08.044Z - info: [15:13:08] Reload for file change: C:\repos\nus-cs2103-AY1819S1\cs2103-website\book\codeQuality\avoidShortcuts\basic\path.md
2018-10-01T07:13:08.044Z - info: [15:13:08] Reload for file change: C:\repos\nus-cs2103-AY1819S1\cs2103-website\book\codeQuality\avoidShortcuts\basic\dontRecycleVarsOrParams\text.md
2018-10-01T07:13:08.044Z - info: [15:13:08] Reload for file change: C:\repos\nus-cs2103-AY1819S1\cs2103-website\book\codeQuality\avoidShortcuts\basic\avoidEmptyCatchBlocks\text.md
2018-10-01T07:13:08.044Z - info: [15:13:08] Reload for file change: C:\repos\nus-cs2103-AY1819S1\cs2103-website\book\codeQuality\avoidShortcuts\basic\deleteDeadCode\text.md
2018-10-01T07:13:08.044Z - info: [15:13:08] Reload for file change: C:\repos\nus-cs2103-AY1819S1\cs2103-website\book\codeQuality\avoidShortcuts\intermediate\minimiseVariableScope\text.md
2018-10-01T07:13:08.044Z - info: [15:13:08] Reload for file change: C:\repos\nus-cs2103-AY1819S1\cs2103-website\book\codeQuality\avoidShortcuts\intermediate\path.md
2018-10-01T07:13:08.044Z - info: [15:13:08] Reload for file change: C:\repos\nus-cs2103-AY1819S1\cs2103-website\book\codeQuality\avoidShortcuts\intermediate\minimiseCodeDuplication\text.md
2018-10-01T07:13:08.044Z - info: [15:13:08] Reload for file change: C:\repos\nus-cs2103-AY1819S1\cs2103-website\book\principles\dryPrinciple\text.md
2018-10-01T07:13:08.044Z - info: [15:13:08] Reload for file change: C:\repos\nus-cs2103-AY1819S1\cs2103-website\book\principles\path.md
2018-10-01T07:13:08.044Z - info: [15:13:08] Reload for file change: C:\repos\nus-cs2103-AY1819S1\cs2103-website\book\codeQuality\commentMinimally\introduction\text.md
2018-10-01T07:13:08.044Z - info: [15:13:08] Reload for file change: C:\repos\nus-cs2103-AY1819S1\cs2103-website\book\codeQuality\commentMinimally\path.md
2018-10-01T07:13:08.044Z - info: [15:13:08] Reload for file change: C:\repos\nus-cs2103-AY1819S1\cs2103-website\book\codeQuality\commentMinimally\basic\dontRepeatObvious\text.md
2018-10-01T07:13:08.044Z - info: [15:13:08] Reload for file change: C:\repos\nus-cs2103-AY1819S1\cs2103-website\book\codeQuality\commentMinimally\basic\path.md
2018-10-01T07:13:08.044Z - info: [15:13:08] Reload for file change: C:\repos\nus-cs2103-AY1819S1\cs2103-website\book\codeQuality\commentMinimally\basic\writeToReader\text.md
2018-10-01T07:13:08.044Z - info: [15:13:08] Reload for file change: C:\repos\nus-cs2103-AY1819S1\cs2103-website\book\codeQuality\commentMinimally\intermediate\explainWhatWhyNotHow\text.md
2018-10-01T07:13:08.044Z - info: [15:13:08] Reload for file change: C:\repos\nus-cs2103-AY1819S1\cs2103-website\book\codeQuality\commentMinimally\intermediate\path.md
2018-10-01T07:13:08.044Z - info: [15:13:08] Reload for file change: C:\repos\nus-cs2103-AY1819S1\cs2103-website\book\combined\exercises\reviewCliAppCode.md
2018-10-01T07:13:08.044Z - info: [15:13:08] Reload for file change: C:\repos\nus-cs2103-AY1819S1\cs2103-website\book\about\usage.md
2018-10-01T07:13:08.044Z - info: [15:13:08] Reload for file change: C:\repos\nus-cs2103-AY1819S1\cs2103-website\book\gatheringRequirements\brainstorming\text.md
2018-10-01T07:13:08.044Z - info: [15:13:08] Reload for file change: C:\repos\nus-cs2103-AY1819S1\cs2103-website\book\gatheringRequirements\path.md
2018-10-01T07:13:08.044Z - info: [15:13:08] Reload for file change: C:\repos\nus-cs2103-AY1819S1\cs2103-website\book\specifyingRequirements\userStories\introduction\text.md
2018-10-01T07:13:08.044Z - info: [15:13:08] Reload for file change: C:\repos\nus-cs2103-AY1819S1\cs2103-website\book\specifyingRequirements\userStories\path.md
2018-10-01T07:13:08.044Z - info: [15:13:08] Reload for file change: C:\repos\nus-cs2103-AY1819S1\cs2103-website\book\specifyingRequirements\userStories\usage\tools.md
2018-10-01T07:13:08.044Z - info: [15:13:08] Reload for file change: C:\repos\nus-cs2103-AY1819S1\cs2103-website\book\specifyingRequirements\useCases\introduction\text.md
2018-10-01T07:13:08.044Z - info: [15:13:08] Reload for file change: C:\repos\nus-cs2103-AY1819S1\cs2103-website\book\specifyingRequirements\useCases\path.md
2018-10-01T07:13:08.044Z - info: [15:13:08] Reload for file change: C:\repos\nus-cs2103-AY1819S1\cs2103-website\book\requirements\nonFunctionalRequirements\text.md
2018-10-01T07:13:08.044Z - info: [15:13:08] Reload for file change: C:\repos\nus-cs2103-AY1819S1\cs2103-website\book\requirements\path.md
2018-10-01T07:13:08.044Z - info: [15:13:08] Reload for file change: C:\repos\nus-cs2103-AY1819S1\cs2103-website\book\specifyingRequirements\glossary\what\text.md
2018-10-01T07:13:08.044Z - info: [15:13:08] Reload for file change: C:\repos\nus-cs2103-AY1819S1\cs2103-website\book\specifyingRequirements\glossary\path.md
2018-10-01T07:13:08.044Z - info: [15:13:08] Reload for file change: C:\repos\nus-cs2103-AY1819S1\cs2103-website\book\gatheringRequirements\productSurveys\text.md
2018-10-01T07:13:08.044Z - info: [15:13:08] Reload for file change: C:\repos\nus-cs2103-AY1819S1\cs2103-website\book\codeQuality\text.md
2018-10-01T07:13:08.044Z - info: [15:13:08] Reload for file change: C:\repos\nus-cs2103-AY1819S1\cs2103-website\book\codeQuality\introduction\text.md
2018-10-01T07:13:08.044Z - info: [15:13:08] Reload for file change: C:\repos\nus-cs2103-AY1819S1\cs2103-website\book\codeQuality\introduction\basic\text.md
2018-10-01T07:13:08.044Z - info: [15:13:08] Reload for file change: C:\repos\nus-cs2103-AY1819S1\cs2103-website\book\codeQuality\followStandard\text.md
2018-10-01T07:13:08.044Z - info: [15:13:08] Reload for file change: C:\repos\nus-cs2103-AY1819S1\cs2103-website\book\codeQuality\followStandard\introduction\text.md
2018-10-01T07:13:08.044Z - info: [15:13:08] Reload for file change: C:\repos\nus-cs2103-AY1819S1\cs2103-website\book\codeQuality\followStandard\basic\text.md
2018-10-01T07:13:08.044Z - info: [15:13:08] Reload for file change: C:\repos\nus-cs2103-AY1819S1\cs2103-website\book\codeQuality\followStandard\intermediate\text.md
2018-10-01T07:13:08.044Z - info: [15:13:08] Reload for file change: C:\repos\nus-cs2103-AY1819S1\cs2103-website\book\uml\notes\notes\text.md
2018-10-01T07:13:08.044Z - info: [15:13:08] Reload for file change: C:\repos\nus-cs2103-AY1819S1\cs2103-website\book\uml\notes\path.md
2018-10-01T07:13:08.044Z - info: [15:13:08] Reload for file change: C:\repos\nus-cs2103-AY1819S1\cs2103-website\book\uml\notes\constraints\text.md
2018-10-01T07:13:08.044Z - info: [15:13:08] Reload for file change: C:\repos\nus-cs2103-AY1819S1\cs2103-website\book\uml\classDiagrams\associationsAsAttributes\what\text.md
2018-10-01T07:13:08.044Z - info: [15:13:08] Reload for file change: C:\repos\nus-cs2103-AY1819S1\cs2103-website\book\uml\classDiagrams\associationsAsAttributes\path.md
2018-10-01T07:13:08.044Z - info: [15:13:08] Reload for file change: C:\repos\nus-cs2103-AY1819S1\cs2103-website\book\modeling\modelingStructures\classDiagramsIntermediate\text.md
2018-10-01T07:13:08.044Z - info: [15:13:08] Reload for file change: C:\repos\nus-cs2103-AY1819S1\cs2103-website\book\modeling\modelingStructures\path.md
2018-10-01T07:13:08.044Z - info: [15:13:08] Reload for file change: C:\repos\nus-cs2103-AY1819S1\cs2103-website\book\modeling\modelingBehaviors\sequenceDiagramsBasic\text.md
2018-10-01T07:13:08.044Z - info: [15:13:08] Reload for file change: C:\repos\nus-cs2103-AY1819S1\cs2103-website\book\design\introduction\what\text.md
2018-10-01T07:13:08.044Z - info: [15:13:08] Reload for file change: C:\repos\nus-cs2103-AY1819S1\cs2103-website\book\design\introduction\path.md
2018-10-01T07:13:08.044Z - info: [15:13:08] Reload for file change: C:\repos\nus-cs2103-AY1819S1\cs2103-website\book\architecture\architectureDiagrams\reading\text.md
2018-10-01T07:13:08.044Z - info: [15:13:08] Reload for file change: C:\repos\nus-cs2103-AY1819S1\cs2103-website\book\architecture\architectureDiagrams\path.md
2018-10-01T07:13:08.044Z - info: [15:13:08] Reload for file change: C:\repos\nus-cs2103-AY1819S1\cs2103-website\book\designApproaches\multilevelDesign\what\text.md
2018-10-01T07:13:08.044Z - info: [15:13:08] Reload for file change: C:\repos\nus-cs2103-AY1819S1\cs2103-website\book\designApproaches\multilevelDesign\path.md
2018-10-01T07:13:08.044Z - info: [15:13:08] Reload for file change: C:\repos\nus-cs2103-AY1819S1\cs2103-website\book\errorHandling\logging\what\text.md
2018-10-01T07:13:08.044Z - info: [15:13:08] Reload for file change: C:\repos\nus-cs2103-AY1819S1\cs2103-website\book\errorHandling\logging\path.md
2018-10-01T07:13:08.044Z - info: [15:13:08] Reload for file change: C:\repos\nus-cs2103-AY1819S1\cs2103-website\book\errorHandling\logging\how\text.md
2018-10-01T07:13:08.044Z - info: [15:13:08] Reload for file change: C:\repos\nus-cs2103-AY1819S1\cs2103-website\book\errorHandling\assertions\what\text.md
2018-10-01T07:13:08.044Z - info: [15:13:08] Reload for file change: C:\repos\nus-cs2103-AY1819S1\cs2103-website\book\errorHandling\assertions\path.md
2018-10-01T07:13:08.044Z - info: [15:13:08] Reload for file change: C:\repos\nus-cs2103-AY1819S1\cs2103-website\book\errorHandling\assertions\how\text.md
2018-10-01T07:13:08.044Z - info: [15:13:08] Reload for file change: C:\repos\nus-cs2103-AY1819S1\cs2103-website\book\errorHandling\assertions\when\text.md
2018-10-01T07:13:08.044Z - info: [15:13:08] Reload for file change: C:\repos\nus-cs2103-AY1819S1\cs2103-website\book\javaTools\streamsBasic\text.md
2018-10-01T07:13:08.044Z - info: [15:13:08] Reload for file change: C:\repos\nus-cs2103-AY1819S1\cs2103-website\book\javaTools\path.md
2018-10-01T07:13:08.044Z - info: [15:13:08] Reload for file change: C:\repos\nus-cs2103-AY1819S1\cs2103-website\book\javaTools\javaFXBasic\text.md
2018-10-01T07:13:08.044Z - info: [15:13:08] Reload for file change: C:\repos\nus-cs2103-AY1819S1\cs2103-website\book\javaTools\javaFXBasic\part01\part01.md
2018-10-01T07:13:08.044Z - info: [15:13:08] Reload for file change: C:\repos\nus-cs2103-AY1819S1\cs2103-website\book\javaTools\javaFXBasic\part02\part02.md
2018-10-01T07:13:08.044Z - info: [15:13:08] Reload for file change: C:\repos\nus-cs2103-AY1819S1\cs2103-website\book\integration\introduction\what\text.md
2018-10-01T07:13:08.044Z - info: [15:13:08] Reload for file change: C:\repos\nus-cs2103-AY1819S1\cs2103-website\book\integration\introduction\path.md
2018-10-01T07:13:08.044Z - info: [15:13:08] Reload for file change: C:\repos\nus-cs2103-AY1819S1\cs2103-website\book\integration\buildAutomation\what\text.md
2018-10-01T07:13:08.044Z - info: [15:13:08] Reload for file change: C:\repos\nus-cs2103-AY1819S1\cs2103-website\book\integration\buildAutomation\path.md
2018-10-01T07:13:08.044Z - info: [15:13:08] Reload for file change: C:\repos\nus-cs2103-AY1819S1\cs2103-website\book\integration\buildAutomation\continuousIntegrationDeployment\text.md
2018-10-01T07:13:08.044Z - info: [15:13:08] Reload for file change: C:\repos\nus-cs2103-AY1819S1\cs2103-website\book\designFundamentals\coupling\what\text.md
2018-10-01T07:13:08.044Z - info: [15:13:08] Reload for file change: C:\repos\nus-cs2103-AY1819S1\cs2103-website\book\designFundamentals\coupling\path.md
2018-10-01T07:13:08.044Z - info: [15:13:08] Reload for file change: C:\repos\nus-cs2103-AY1819S1\cs2103-website\book\designFundamentals\coupling\how\text.md
2018-10-01T07:13:08.044Z - info: [15:13:08] Reload for file change: C:\repos\nus-cs2103-AY1819S1\cs2103-website\book\designFundamentals\coupling\types\text.md
2018-10-01T07:13:08.044Z - info: [15:13:08] Reload for file change: C:\repos\nus-cs2103-AY1819S1\cs2103-website\book\designFundamentals\cohesion\what\text.md
2018-10-01T07:13:08.044Z - info: [15:13:08] Reload for file change: C:\repos\nus-cs2103-AY1819S1\cs2103-website\book\designFundamentals\cohesion\path.md
2018-10-01T07:13:08.044Z - info: [15:13:08] Reload for file change: C:\repos\nus-cs2103-AY1819S1\cs2103-website\book\designFundamentals\cohesion\how\text.md
2018-10-01T07:13:08.044Z - info: [15:13:08] Reload for file change: C:\repos\nus-cs2103-AY1819S1\cs2103-website\book\principles\separationOfConcernsPrinciple\text.md
2018-10-01T07:13:08.060Z - info: [15:13:08] Reload for file change: C:\repos\nus-cs2103-AY1819S1\cs2103-website\book\principles\openClosedPrinciple\text.md
2018-10-01T07:13:08.060Z - info: [15:13:08] Reload for file change: C:\repos\nus-cs2103-AY1819S1\cs2103-website\book\principles\singleResponsibilityPrinciple\text.md
2018-10-01T07:13:08.060Z - info: [15:13:08] Reload for file change: C:\repos\nus-cs2103-AY1819S1\cs2103-website\book\integration\approaches\lateVsEarly\text.md
2018-10-01T07:13:08.060Z - info: [15:13:08] Reload for file change: C:\repos\nus-cs2103-AY1819S1\cs2103-website\book\integration\approaches\path.md
2018-10-01T07:13:08.060Z - info: [15:13:08] Reload for file change: C:\repos\nus-cs2103-AY1819S1\cs2103-website\book\integration\approaches\bigBangVsIncremental\text.md
2018-10-01T07:13:08.060Z - info: [15:13:08] Reload for file change: C:\repos\nus-cs2103-AY1819S1\cs2103-website\book\integration\approaches\topDownVsBottomUp\text.md
2018-10-01T07:13:08.060Z - info: [15:13:08] Reload for file change: C:\repos\nus-cs2103-AY1819S1\cs2103-website\book\oop\associations\associationClasses\text.md
2018-10-01T07:13:08.060Z - info: [15:13:08] Reload for file change: C:\repos\nus-cs2103-AY1819S1\cs2103-website\book\oop\associations\path.md
2018-10-01T07:13:08.060Z - info: [15:13:08] Reload for file change: C:\repos\nus-cs2103-AY1819S1\cs2103-website\book\testing\testingTypes\unitTesting\what\text.md
2018-10-01T07:13:08.060Z - info: [15:13:08] Reload for file change: C:\repos\nus-cs2103-AY1819S1\cs2103-website\book\testing\testingTypes\unitTesting\path.md
2018-10-01T07:13:08.060Z - info: [15:13:08] Reload for file change: C:\repos\nus-cs2103-AY1819S1\cs2103-website\book\testing\testingTypes\unitTesting\stubs\text.md
2018-10-01T07:13:08.060Z - info: [15:13:08] Reload for file change: C:\repos\nus-cs2103-AY1819S1\cs2103-website\book\testing\dependencyInjection\what\text.md
2018-10-01T07:13:08.060Z - info: [15:13:08] Reload for file change: C:\repos\nus-cs2103-AY1819S1\cs2103-website\book\testing\dependencyInjection\path.md
2018-10-01T07:13:08.060Z - info: [15:13:08] Reload for file change: C:\repos\nus-cs2103-AY1819S1\cs2103-website\book\testing\dependencyInjection\how\text.md
2018-10-01T07:13:08.060Z - info: [15:13:08] Reload for file change: C:\repos\nus-cs2103-AY1819S1\cs2103-website\book\testing\testingTypes\integrationTesting\what\text.md
2018-10-01T07:13:08.060Z - info: [15:13:08] Reload for file change: C:\repos\nus-cs2103-AY1819S1\cs2103-website\book\testing\testingTypes\integrationTesting\path.md
2018-10-01T07:13:08.060Z - info: [15:13:08] Reload for file change: C:\repos\nus-cs2103-AY1819S1\cs2103-website\book\testing\testingTypes\integrationTesting\how\text.md
2018-10-01T07:13:08.060Z - info: [15:13:08] Reload for file change: C:\repos\nus-cs2103-AY1819S1\cs2103-website\book\testing\testingTypes\systemTesting\what\text.md
2018-10-01T07:13:08.060Z - info: [15:13:08] Reload for file change: C:\repos\nus-cs2103-AY1819S1\cs2103-website\book\testing\testingTypes\systemTesting\path.md
2018-10-01T07:13:08.060Z - info: [15:13:08] Reload for file change: C:\repos\nus-cs2103-AY1819S1\cs2103-website\book\testing\testAutomation\testingGuis\text.md
2018-10-01T07:13:08.060Z - info: [15:13:08] Reload for file change: C:\repos\nus-cs2103-AY1819S1\cs2103-website\book\testing\testAutomation\path.md
2018-10-01T07:13:08.060Z - info: [15:13:08] Reload for file change: C:\repos\nus-cs2103-AY1819S1\cs2103-website\book\testing\testingTypes\acceptanceTesting\what\text.md
2018-10-01T07:13:08.060Z - info: [15:13:08] Reload for file change: C:\repos\nus-cs2103-AY1819S1\cs2103-website\book\testing\testingTypes\acceptanceTesting\path.md
2018-10-01T07:13:08.060Z - info: [15:13:08] Reload for file change: C:\repos\nus-cs2103-AY1819S1\cs2103-website\book\testing\testingTypes\acceptanceTesting\acceptanceVsSystemTesting\text.md
2018-10-01T07:13:08.060Z - info: [15:13:08] Reload for file change: C:\repos\nus-cs2103-AY1819S1\cs2103-website\book\testing\testingTypes\alphaBetaTesting\what\text.md
2018-10-01T07:13:08.060Z - info: [15:13:08] Reload for file change: C:\repos\nus-cs2103-AY1819S1\cs2103-website\book\testing\testingTypes\alphaBetaTesting\path.md
2018-10-01T07:13:08.060Z - info: [15:13:08] Reload for file change: C:\repos\nus-cs2103-AY1819S1\cs2103-website\book\projectPlanning\milestones\text.md
2018-10-01T07:13:08.060Z - info: [15:13:08] Reload for file change: C:\repos\nus-cs2103-AY1819S1\cs2103-website\book\projectPlanning\path.md
2018-10-01T07:13:08.060Z - info: [15:13:08] Reload for file change: C:\repos\nus-cs2103-AY1819S1\cs2103-website\book\projectPlanning\buffers\text.md
2018-10-01T07:13:08.060Z - info: [15:13:08] Reload for file change: C:\repos\nus-cs2103-AY1819S1\cs2103-website\book\projectPlanning\issueTrackers\text.md
2018-10-01T07:13:08.060Z - info: [15:13:08] Reload for file change: C:\repos\nus-cs2103-AY1819S1\cs2103-website\book\projectPlanning\workBreakdownStructure\text.md
2018-10-01T07:13:08.060Z - info: [15:13:08] Reload for file change: C:\repos\nus-cs2103-AY1819S1\cs2103-website\book\projectPlanning\ganttCharts\text.md
2018-10-01T07:13:08.060Z - info: [15:13:08] Reload for file change: C:\repos\nus-cs2103-AY1819S1\cs2103-website\book\projectPlanning\pertCharts\text.md
2018-10-01T07:13:08.060Z - info: [15:13:08] Reload for file change: C:\repos\nus-cs2103-AY1819S1\cs2103-website\book\teamwork\teamStructures\text.md
2018-10-01T07:13:08.185Z - info: [15:13:08] Reload for file change: C:\repos\nus-cs2103-AY1819S1\cs2103-website\book\teamwork\path.md
2018-10-01T07:13:08.201Z - info: [15:13:08] Reload for file change: C:\repos\nus-cs2103-AY1819S1\cs2103-website\admin\peerEvaluations.md
2018-10-01T07:13:08.201Z - info: [15:13:08] Reload for file change: C:\repos\nus-cs2103-AY1819S1\cs2103-website\admin\policies.fr
2018-10-01T07:13:08.201Z - info: [15:13:08] Reload for file change: C:\repos\nus-cs2103-AY1819S1\cs2103-website\admin\programmingLanguages.md
2018-10-01T07:13:08.201Z - info: [15:13:08] Reload for file change: C:\repos\nus-cs2103-AY1819S1\cs2103-website\admin\project-assessment.md
2018-10-01T07:13:08.201Z - info: [15:13:08] Reload for file change: C:\repos\nus-cs2103-AY1819S1\cs2103-website\admin\project-constraints.md
2018-10-01T07:13:08.201Z - info: [15:13:08] Reload for file change: C:\repos\nus-cs2103-AY1819S1\cs2103-website\admin\project-deliverables.md
2018-10-01T07:13:08.201Z - info: [15:13:08] Reload for file change: C:\repos\nus-cs2103-AY1819S1\cs2103-website\admin\project-overview.md
2018-10-01T07:13:08.201Z - info: [15:13:08] Reload for file change: C:\repos\nus-cs2103-AY1819S1\cs2103-website\admin\project-product.md
2018-10-01T07:13:08.201Z - info: [15:13:08] Reload for file change: C:\repos\nus-cs2103-AY1819S1\cs2103-website\admin\project-scope.md
2018-10-01T07:13:08.201Z - info: [15:13:08] Reload for file change: C:\repos\nus-cs2103-AY1819S1\cs2103-website\admin\project-supervision.md
2018-10-01T07:13:08.201Z - info: [15:13:08] Reload for file change: C:\repos\nus-cs2103-AY1819S1\cs2103-website\admin\project-testing.fr
2018-10-01T07:13:08.201Z - info: [15:13:08] Reload for file change: C:\repos\nus-cs2103-AY1819S1\cs2103-website\admin\project-teams.md
2018-10-01T07:13:08.201Z - info: [15:13:08] Reload for file change: C:\repos\nus-cs2103-AY1819S1\cs2103-website\admin\project-timeline.md
2018-10-01T07:13:08.201Z - info: [15:13:08] Reload for file change: C:\repos\nus-cs2103-AY1819S1\cs2103-website\admin\project-w03-inception.md
2018-10-01T07:13:08.201Z - info: [15:13:08] Reload for file change: C:\repos\nus-cs2103-AY1819S1\cs2103-website\admin\project-w04-mid-v10.md
2018-10-01T07:13:08.201Z - info: [15:13:08] Reload for file change: C:\repos\nus-cs2103-AY1819S1\cs2103-website\admin\project-w05-v10.md
2018-10-01T07:13:08.201Z - info: [15:13:08] Reload for file change: C:\repos\nus-cs2103-AY1819S1\cs2103-website\admin\project-w07-v11.md
2018-10-01T07:13:08.201Z - info: [15:13:08] Reload for file change: C:\repos\nus-cs2103-AY1819S1\cs2103-website\admin\project-w09-v12.md
2018-10-01T07:13:08.201Z - info: [15:13:08] Reload for file change: C:\repos\nus-cs2103-AY1819S1\cs2103-website\admin\project-w08-mid-v12.md
2018-10-01T07:13:08.201Z - info: [15:13:08] Reload for file change: C:\repos\nus-cs2103-AY1819S1\cs2103-website\admin\project-w10-mid-v13.md
2018-10-01T07:13:08.201Z - info: [15:13:08] Reload for file change: C:\repos\nus-cs2103-AY1819S1\cs2103-website\admin\project-w11-v13.md
2018-10-01T07:13:08.201Z - info: [15:13:08] Reload for file change: C:\repos\nus-cs2103-AY1819S1\cs2103-website\admin\project-w12-mid-v14.md
2018-10-01T07:13:08.201Z - info: [15:13:08] Reload for file change: C:\repos\nus-cs2103-AY1819S1\cs2103-website\admin\project-w13-v14.md
2018-10-01T07:13:08.201Z - info: [15:13:08] Reload for file change: C:\repos\nus-cs2103-AY1819S1\cs2103-website\admin\tools.md
2018-10-01T07:13:08.201Z - info: [15:13:08] Reload for file change: C:\repos\nus-cs2103-AY1819S1\cs2103-website\admin\textbooks.md
2018-10-01T07:13:08.201Z - info: [15:13:08] Reload for file change: C:\repos\nus-cs2103-AY1819S1\cs2103-website\admin\usingThisWebsite.md
2018-10-01T07:13:08.201Z - info: [15:13:08] Reload for file change: C:\repos\nus-cs2103-AY1819S1\cs2103-website\admin\tutorials.md
2018-10-01T07:13:08.201Z - info: [15:13:08] Reload for file change: C:\repos\nus-cs2103-AY1819S1\cs2103-website\admin\weeklySchedule.md
2018-10-01T07:13:08.201Z - info: [15:13:08] Reload for file change: C:\repos\nus-cs2103-AY1819S1\cs2103-website\schedule\index.md
2018-10-01T07:13:08.201Z - info: [15:13:08] Reload for file change: C:\repos\nus-cs2103-AY1819S1\cs2103-website\schedule\week6\outcomes.md
2018-10-01T07:13:08.201Z - info: [15:13:08] Reload for file change: C:\repos\nus-cs2103-AY1819S1\cs2103-website\schedule\week6\todo.md
2018-10-01T07:13:08.201Z - info: [15:13:08] Reload for file change: C:\repos\nus-cs2103-AY1819S1\cs2103-website\schedule\week6\tutorial.md
2018-10-01T07:13:08.201Z - info: [15:13:08] Reload for file change: C:\repos\nus-cs2103-AY1819S1\cs2103-website\schedule\week6\tutorial-cs2103.md
2018-10-01T07:13:08.201Z - info: [15:13:08] Reload for file change: C:\repos\nus-cs2103-AY1819S1\cs2103-website\schedule\week6\lecture.md
2018-10-01T07:13:08.201Z - info: [15:13:08] Reload for file change: C:\repos\nus-cs2103-AY1819S1\cs2103-website\schedule\week7\todo.md
2018-10-01T07:13:08.201Z - info: [15:13:08] Reload for file change: C:\repos\nus-cs2103-AY1819S1\cs2103-website\schedule\week7\tutorial.md
2018-10-01T07:13:08.201Z - info: [15:13:08] Reload for file change: C:\repos\nus-cs2103-AY1819S1\cs2103-website\schedule\week7\tutorial-cs2103.md
2018-10-01T07:13:08.201Z - info: [15:13:08] Reload for file change: C:\repos\nus-cs2103-AY1819S1\cs2103-website\schedule\week8\todo.md
2018-10-01T07:13:08.201Z - info: [15:13:08] Reload for file change: C:\repos\nus-cs2103-AY1819S1\cs2103-website\schedule\week8\tutorial.md
2018-10-01T07:13:08.201Z - info: [15:13:08] Reload for file change: C:\repos\nus-cs2103-AY1819S1\cs2103-website\schedule\week8\tutorial-cs2103.md
2018-10-01T07:13:08.201Z - info: [15:13:08] Reload for file change: C:\repos\nus-cs2103-AY1819S1\cs2103-website\common\header-flat.md
2018-10-01T07:13:08.201Z - info: [15:13:08] Reload for file change: C:\repos\nus-cs2103-AY1819S1\cs2103-website\book\_markbind\boilerplates\exercisesPanel.md
2018-10-01T07:13:08.201Z - info: [15:13:08] Reload for file change: C:\repos\nus-cs2103-AY1819S1\cs2103-website\book\_markbind\boilerplates\container-inElsewhere-asFlat.md
2018-10-01T07:13:08.201Z - info: [15:13:08] Reload for file change: C:\repos\nus-cs2103-AY1819S1\cs2103-website\book\_markbind\boilerplates\container-inParent-asPanel.md
2018-10-01T07:13:08.201Z - info: [15:13:08] Reload for file change: C:\repos\nus-cs2103-AY1819S1\cs2103-website\book\_markbind\boilerplates\unit-inParent-asPanel.md
2018-10-01T07:13:08.201Z - info: [15:13:08] Reload for file change: C:\repos\nus-cs2103-AY1819S1\cs2103-website\book\revisionControl\forkingWorkflow\resources.md
2018-10-01T07:13:08.201Z - info: [15:13:08] Reload for file change: C:\repos\nus-cs2103-AY1819S1\cs2103-website\_markbind\navigation\adminSiteNav-flat.md
2018-10-01T07:13:08.201Z - info: [15:13:08] Reload for file change: C:\repos\nus-cs2103-AY1819S1\cs2103-website\admin\appendixF-teamworkIssues.md
2018-10-01T07:13:08.201Z - info: [15:13:08] Reload for file change: C:\repos\nus-cs2103-AY1819S1\cs2103-website\admin\appendixC-faq.md
2018-10-01T07:13:08.201Z - info: [15:13:08] Reload for file change: C:\repos\nus-cs2103-AY1819S1\cs2103-website\admin\faq.md
2018-10-01T07:13:08.201Z - info: [15:13:08] Reload for file change: C:\repos\nus-cs2103-AY1819S1\cs2103-website\admin\moduleOverview.md
2018-10-01T07:13:08.201Z - info: [15:13:08] Reload for file change: C:\repos\nus-cs2103-AY1819S1\cs2103-website\admin\moduleExpectations.md
2018-10-01T07:13:08.201Z - info: [15:13:08] Reload for file change: C:\repos\nus-cs2103-AY1819S1\cs2103-website\admin\lectures.md
2018-10-01T07:13:08.201Z - info: [15:13:08] Reload for file change: C:\repos\nus-cs2103-AY1819S1\cs2103-website\admin\learningOutcomes.md
2018-10-01T07:13:08.201Z - info: [15:13:08] Reload for file change: C:\repos\nus-cs2103-AY1819S1\cs2103-website\admin\appendixD-help.md
2018-10-01T07:13:08.201Z - info: [15:13:08] Reload for file change: C:\repos\nus-cs2103-AY1819S1\cs2103-website\admin\instructors.md
2018-10-01T07:13:08.201Z - info: [15:13:08] Reload for file change: C:\repos\nus-cs2103-AY1819S1\cs2103-website\admin\gradeBreakdown.md
2018-10-01T07:13:08.201Z - info: [15:13:08] Reload for file change: C:\repos\nus-cs2103-AY1819S1\cs2103-website\admin\participation.md
2018-10-01T07:13:08.201Z - info: [15:13:08] Reload for file change: C:\repos\nus-cs2103-AY1819S1\cs2103-website\admin\exams.md
2018-10-01T07:13:08.201Z - info: [15:13:08] Reload for file change: C:\repos\nus-cs2103-AY1819S1\cs2103-website\admin\appendixA-principles.md
2018-10-01T07:13:08.201Z - info: [15:13:08] Reload for file change: C:\repos\nus-cs2103-AY1819S1\cs2103-website\schedule\evidence\reuse.md
2018-10-01T07:13:08.201Z - info: [15:13:08] Reload for file change: C:\repos\nus-cs2103-AY1819S1\cs2103-website\schedule\evidence\modeling.md
2018-10-01T07:13:08.201Z - info: [15:13:08] Reload for file change: C:\repos\nus-cs2103-AY1819S1\cs2103-website\schedule\evidence\project.md
2018-10-01T07:13:08.201Z - info: [15:13:08] Reload for file change: C:\repos\nus-cs2103-AY1819S1\cs2103-website\schedule\evidence\designApproaches.md
2018-10-01T07:13:08.201Z - info: [15:13:08] Reload for file change: C:\repos\nus-cs2103-AY1819S1\cs2103-website\schedule\evidence\errorHandling.md
2018-10-01T07:13:08.201Z - info: [15:13:08] Reload for file change: C:\repos\nus-cs2103-AY1819S1\cs2103-website\schedule\evidence\javaTools.md
2018-10-01T07:13:08.201Z - info: [15:13:08] Reload for file change: C:\repos\nus-cs2103-AY1819S1\cs2103-website\schedule\evidence\integration.md
2018-10-01T07:13:08.201Z - info: [15:13:08] Reload for file change: C:\repos\nus-cs2103-AY1819S1\cs2103-website\schedule\evidence\designFundamentals.md
2018-10-01T07:13:08.201Z - info: [15:13:08] Reload for file change: C:\repos\nus-cs2103-AY1819S1\cs2103-website\schedule\evidence\principles.md
2018-10-01T07:13:08.201Z - info: [15:13:08] Reload for file change: C:\repos\nus-cs2103-AY1819S1\cs2103-website\schedule\evidence\oop.md
2018-10-01T07:13:08.201Z - info: [15:13:08] Reload for file change: C:\repos\nus-cs2103-AY1819S1\cs2103-website\schedule\evidence\testing.md
2018-10-01T07:13:08.201Z - info: [15:13:08] Reload for file change: C:\repos\nus-cs2103-AY1819S1\cs2103-website\schedule\evidence\projectPlanning.md
2018-10-01T07:13:08.201Z - info: [15:13:08] Reload for file change: C:\repos\nus-cs2103-AY1819S1\cs2103-website\schedule\evidence\teamwork.md
2018-10-01T07:13:08.201Z - info: [15:13:08] Reload for file change: C:\repos\nus-cs2103-AY1819S1\cs2103-website\book\architecture\architecturalStyles\more\moreStyles\resources.md
2018-10-01T07:13:08.201Z - info: [15:13:08] Reload for file change: C:\repos\nus-cs2103-AY1819S1\cs2103-website\book\architecture\architecturalStyles\more\usingStyles\exercises.md
2018-10-01T07:13:08.201Z - info: [15:13:08] Reload for file change: C:\repos\nus-cs2103-AY1819S1\cs2103-website\book\architecture\architecturalStyles\more\usingStyles\q-essay-styleExamples.md
2018-10-01T07:13:08.201Z - info: [15:13:08] Reload for file change: C:\repos\nus-cs2103-AY1819S1\cs2103-website\book\reuse\apis\what\exercises.md
2018-10-01T07:13:08.201Z - info: [15:13:08] Reload for file change: C:\repos\nus-cs2103-AY1819S1\cs2103-website\book\reuse\apis\what\q-tick-incorrectStatement.md
2018-10-01T07:13:08.201Z - info: [15:13:08] Reload for file change: C:\repos\nus-cs2103-AY1819S1\cs2103-website\book\reuse\apis\what\q-tick-trueFalse.md
2018-10-01T07:13:08.201Z - info: [15:13:08] Reload for file change: C:\repos\nus-cs2103-AY1819S1\cs2103-website\book\modeling\modelingBehaviors\sequenceDiagramsIntermediate\exercises.md
2018-10-01T07:13:08.201Z - info: [15:13:08] Reload for file change: C:\repos\nus-cs2103-AY1819S1\cs2103-website\book\modeling\modelingBehaviors\sequenceDiagramsIntermediate\q-tick-sequenceDiagram.md
2018-10-01T07:13:08.201Z - info: [15:13:08] Reload for file change: C:\repos\nus-cs2103-AY1819S1\cs2103-website\book\modeling\modelingBehaviors\sequenceDiagramsIntermediate\q-essay-expainParserFactory.md
2018-10-01T07:13:08.201Z - info: [15:13:08] Reload for file change: C:\repos\nus-cs2103-AY1819S1\cs2103-website\book\modeling\modelingBehaviors\sequenceDiagramsIntermediate\q-drawPrintQuoteSd.md
2018-10-01T07:13:08.201Z - info: [15:13:08] Reload for file change: C:\repos\nus-cs2103-AY1819S1\cs2103-website\book\codeQuality\maximiseReadability\introduction\example-java.md
2018-10-01T07:13:08.201Z - info: [15:13:08] Reload for file change: C:\repos\nus-cs2103-AY1819S1\cs2103-website\book\codeQuality\maximiseReadability\introduction\example-python.md
2018-10-01T07:13:08.201Z - info: [15:13:08] Reload for file change: C:\repos\nus-cs2103-AY1819S1\cs2103-website\book\codeQuality\maximiseReadability\text.md
2018-10-01T07:13:08.216Z - info: [15:13:08] Reload for file change: C:\repos\nus-cs2103-AY1819S1\cs2103-website\book\codeQuality\maximiseReadability\basic\text.md
2018-10-01T07:13:08.216Z - info: [15:13:08] Reload for file change: C:\repos\nus-cs2103-AY1819S1\cs2103-website\book\codeQuality\maximiseReadability\basic\avoidComplicatedExpressions\example-java.md
2018-10-01T07:13:08.216Z - info: [15:13:08] Reload for file change: C:\repos\nus-cs2103-AY1819S1\cs2103-website\book\codeQuality\maximiseReadability\basic\avoidComplicatedExpressions\example-python.md
2018-10-01T07:13:08.216Z - info: [15:13:08] Reload for file change: C:\repos\nus-cs2103-AY1819S1\cs2103-website\book\codeQuality\maximiseReadability\basic\avoidMagicNumbers\example-java.md
2018-10-01T07:13:08.216Z - info: [15:13:08] Reload for file change: C:\repos\nus-cs2103-AY1819S1\cs2103-website\book\codeQuality\maximiseReadability\basic\avoidMagicNumbers\example-python.md
2018-10-01T07:13:08.216Z - info: [15:13:08] Reload for file change: C:\repos\nus-cs2103-AY1819S1\cs2103-website\book\codeQuality\maximiseReadability\intermediate\text.md
2018-10-01T07:13:08.216Z - info: [15:13:08] Reload for file change: C:\repos\nus-cs2103-AY1819S1\cs2103-website\book\common\references.md
2018-10-01T07:13:08.216Z - info: [15:13:08] Reload for file change: C:\repos\nus-cs2103-AY1819S1\cs2103-website\book\codeQuality\maximiseReadability\advanced\text.md
2018-10-01T07:13:08.216Z - info: [15:13:08] Reload for file change: C:\repos\nus-cs2103-AY1819S1\cs2103-website\book\codeQuality\nameWell\text.md
2018-10-01T07:13:08.216Z - info: [15:13:08] Reload for file change: C:\repos\nus-cs2103-AY1819S1\cs2103-website\book\codeQuality\nameWell\basic\text.md
2018-10-01T07:13:08.216Z - info: [15:13:08] Reload for file change: C:\repos\nus-cs2103-AY1819S1\cs2103-website\book\codeQuality\nameWell\intermediate\text.md
2018-10-01T07:13:08.216Z - info: [15:13:08] Reload for file change: C:\repos\nus-cs2103-AY1819S1\cs2103-website\book\codeQuality\avoidShortcuts\text.md
2018-10-01T07:13:08.216Z - info: [15:13:08] Reload for file change: C:\repos\nus-cs2103-AY1819S1\cs2103-website\book\codeQuality\avoidShortcuts\basic\text.md
2018-10-01T07:13:08.216Z - info: [15:13:08] Reload for file change: C:\repos\nus-cs2103-AY1819S1\cs2103-website\book\codeQuality\avoidShortcuts\intermediate\text.md
2018-10-01T07:13:08.216Z - info: [15:13:08] Reload for file change: C:\repos\nus-cs2103-AY1819S1\cs2103-website\book\codeQuality\commentMinimally\text.md
2018-10-01T07:13:08.216Z - info: [15:13:08] Reload for file change: C:\repos\nus-cs2103-AY1819S1\cs2103-website\book\codeQuality\commentMinimally\basic\text.md
2018-10-01T07:13:08.216Z - info: [15:13:08] Reload for file change: C:\repos\nus-cs2103-AY1819S1\cs2103-website\book\codeQuality\commentMinimally\basic\writeToReader\example-java.md
2018-10-01T07:13:08.216Z - info: [15:13:08] Reload for file change: C:\repos\nus-cs2103-AY1819S1\cs2103-website\book\codeQuality\commentMinimally\basic\writeToReader\example-python.md
2018-10-01T07:13:08.216Z - info: [15:13:08] Reload for file change: C:\repos\nus-cs2103-AY1819S1\cs2103-website\book\codeQuality\commentMinimally\intermediate\text.md
2018-10-01T07:13:08.216Z - info: [15:13:08] Reload for file change: C:\repos\nus-cs2103-AY1819S1\cs2103-website\book\gatheringRequirements\brainstorming\exercises.md
2018-10-01T07:13:08.216Z - info: [15:13:08] Reload for file change: C:\repos\nus-cs2103-AY1819S1\cs2103-website\book\gatheringRequirements\brainstorming\q-tick-keyCharacteristic.md
2018-10-01T07:13:08.216Z - info: [15:13:08] Reload for file change: C:\repos\nus-cs2103-AY1819S1\cs2103-website\book\specifyingRequirements\userStories\introduction\exercises.md
2018-10-01T07:13:08.216Z - info: [15:13:08] Reload for file change: C:\repos\nus-cs2103-AY1819S1\cs2103-website\book\specifyingRequirements\userStories\introduction\q-tick-correctStatementsAboutUserStories.md
2018-10-01T07:13:08.216Z - info: [15:13:08] Reload for file change: C:\repos\nus-cs2103-AY1819S1\cs2103-website\book\specifyingRequirements\userStories\introduction\q-essay-critiqueUserStory.md
2018-10-01T07:13:08.216Z - info: [15:13:08] Reload for file change: C:\repos\nus-cs2103-AY1819S1\cs2103-website\book\specifyingRequirements\userStories\introduction\q-essay-hrUserStories.md
2018-10-01T07:13:08.216Z - info: [15:13:08] Reload for file change: C:\repos\nus-cs2103-AY1819S1\cs2103-website\book\specifyingRequirements\userStories\usage\text.md
2018-10-01T07:13:08.216Z - info: [15:13:08] Reload for file change: C:\repos\nus-cs2103-AY1819S1\cs2103-website\book\requirements\nonFunctionalRequirements\exercises.md
2018-10-01T07:13:08.216Z - info: [15:13:08] Reload for file change: C:\repos\nus-cs2103-AY1819S1\cs2103-website\book\requirements\nonFunctionalRequirements\q-tick-teammates.md
2018-10-01T07:13:08.216Z - info: [15:13:08] Reload for file change: C:\repos\nus-cs2103-AY1819S1\cs2103-website\book\codeQuality\followStandard\introduction\exercises.md
2018-10-01T07:13:08.216Z - info: [15:13:08] Reload for file change: C:\repos\nus-cs2103-AY1819S1\cs2103-website\book\codeQuality\followStandard\introduction\q-tick-approach.md
2018-10-01T07:13:08.216Z - info: [15:13:08] Reload for file change: C:\repos\nus-cs2103-AY1819S1\cs2103-website\book\codeQuality\followStandard\introduction\q-essay-explain.md
2018-10-01T07:13:08.216Z - info: [15:13:08] Reload for file change: C:\repos\nus-cs2103-AY1819S1\cs2103-website\book\codeQuality\followStandard\basic\exercises.md
2018-10-01T07:13:08.216Z - info: [15:13:08] Reload for file change: C:\repos\nus-cs2103-AY1819S1\cs2103-website\book\codeQuality\followStandard\basic\q-listViolations.md
2018-10-01T07:13:08.216Z - info: [15:13:08] Reload for file change: C:\repos\nus-cs2103-AY1819S1\cs2103-website\book\codeQuality\followStandard\intermediate\exercises.md
2018-10-01T07:13:08.216Z - info: [15:13:08] Reload for file change: C:\repos\nus-cs2103-AY1819S1\cs2103-website\book\codeQuality\followStandard\intermediate\q-tick-naming.md
2018-10-01T07:13:08.216Z - info: [15:13:08] Reload for file change: C:\repos\nus-cs2103-AY1819S1\cs2103-website\book\codeQuality\followStandard\intermediate\q-listViolations.md
2018-10-01T07:13:08.216Z - info: [15:13:08] Reload for file change: C:\repos\nus-cs2103-AY1819S1\cs2103-website\book\modeling\modelingStructures\classDiagramsIntermediate\exercises.md
2018-10-01T07:13:08.216Z - info: [15:13:08] Reload for file change: C:\repos\nus-cs2103-AY1819S1\cs2103-website\book\modeling\modelingStructures\classDiagramsIntermediate\q-tick-statementMismatch.md
2018-10-01T07:13:08.216Z - info: [15:13:08] Reload for file change: C:\repos\nus-cs2103-AY1819S1\cs2103-website\book\modeling\modelingStructures\classDiagramsIntermediate\q-explainClassDiagramNotation.md
2018-10-01T07:13:08.216Z - info: [15:13:08] Reload for file change: C:\repos\nus-cs2103-AY1819S1\cs2103-website\book\modeling\modelingStructures\classDiagramsIntermediate\q-drawClassDiagramForItemEtc.md
2018-10-01T07:13:08.216Z - info: [15:13:08] Reload for file change: C:\repos\nus-cs2103-AY1819S1\cs2103-website\book\modeling\modelingBehaviors\sequenceDiagramsBasic\exercises.md
2018-10-01T07:13:08.216Z - info: [15:13:08] Reload for file change: C:\repos\nus-cs2103-AY1819S1\cs2103-website\book\modeling\modelingBehaviors\sequenceDiagramsBasic\q-explainMachineSequenceDiagram.md
2018-10-01T07:13:08.216Z - info: [15:13:08] Reload for file change: C:\repos\nus-cs2103-AY1819S1\cs2103-website\book\modeling\modelingBehaviors\sequenceDiagramsBasic\q-essay-drawSequenceDiagramForPerson.md
2018-10-01T07:13:08.216Z - info: [15:13:08] Reload for file change: C:\repos\nus-cs2103-AY1819S1\cs2103-website\book\modeling\modelingBehaviors\sequenceDiagramsBasic\q-essay-findNotationMistakes.md
2018-10-01T07:13:08.216Z - info: [15:13:08] Reload for file change: C:\repos\nus-cs2103-AY1819S1\cs2103-website\book\errorHandling\logging\what\exercises.md
2018-10-01T07:13:08.216Z - info: [15:13:08] Reload for file change: C:\repos\nus-cs2103-AY1819S1\cs2103-website\book\errorHandling\logging\what\q-tick-logging.md
2018-10-01T07:13:08.216Z - info: [15:13:08] Reload for file change: C:\repos\nus-cs2103-AY1819S1\cs2103-website\book\errorHandling\logging\how\resources.md
2018-10-01T07:13:08.216Z - info: [15:13:08] Reload for file change: C:\repos\nus-cs2103-AY1819S1\cs2103-website\book\errorHandling\assertions\how\resources.md
2018-10-01T07:13:08.216Z - info: [15:13:08] Reload for file change: C:\repos\nus-cs2103-AY1819S1\cs2103-website\book\errorHandling\assertions\when\exercises.md
2018-10-01T07:13:08.216Z - info: [15:13:08] Reload for file change: C:\repos\nus-cs2103-AY1819S1\cs2103-website\book\errorHandling\assertions\when\q-tick-calculator.md
2018-10-01T07:13:08.216Z - info: [15:13:08] Reload for file change: C:\repos\nus-cs2103-AY1819S1\cs2103-website\book\errorHandling\assertions\when\q-tick-correctStatement.md
2018-10-01T07:13:08.216Z - info: [15:13:08] Reload for file change: C:\repos\nus-cs2103-AY1819S1\cs2103-website\book\javaTools\streamsBasic\resources.md
2018-10-01T07:13:08.216Z - info: [15:13:08] Reload for file change: C:\repos\nus-cs2103-AY1819S1\cs2103-website\book\integration\buildAutomation\what\resources.md
2018-10-01T07:13:08.216Z - info: [15:13:08] Reload for file change: C:\repos\nus-cs2103-AY1819S1\cs2103-website\book\integration\buildAutomation\what\exercises.md
2018-10-01T07:13:08.216Z - info: [15:13:08] Reload for file change: C:\repos\nus-cs2103-AY1819S1\cs2103-website\book\integration\buildAutomation\what\q-tick-tools.md
2018-10-01T07:13:08.216Z - info: [15:13:08] Reload for file change: C:\repos\nus-cs2103-AY1819S1\cs2103-website\book\integration\buildAutomation\continuousIntegrationDeployment\resources.md
2018-10-01T07:13:08.216Z - info: [15:13:08] Reload for file change: C:\repos\nus-cs2103-AY1819S1\cs2103-website\book\designFundamentals\coupling\what\exercises.md
2018-10-01T07:13:08.216Z - info: [15:13:08] Reload for file change: C:\repos\nus-cs2103-AY1819S1\cs2103-website\book\designFundamentals\coupling\what\q-essay-coupling-levels.md
2018-10-01T07:13:08.216Z - info: [15:13:08] Reload for file change: C:\repos\nus-cs2103-AY1819S1\cs2103-website\book\designFundamentals\coupling\what\q-essay-regression-coupling.md
2018-10-01T07:13:08.216Z - info: [15:13:08] Reload for file change: C:\repos\nus-cs2103-AY1819S1\cs2103-website\book\designFundamentals\coupling\what\q-essay-coupling-testability.md
2018-10-01T07:13:08.216Z - info: [15:13:08] Reload for file change: C:\repos\nus-cs2103-AY1819S1\cs2103-website\book\designFundamentals\coupling\what\q-tick-statementsAboutCoupling.md
2018-10-01T07:13:08.216Z - info: [15:13:08] Reload for file change: C:\repos\nus-cs2103-AY1819S1\cs2103-website\book\designFundamentals\coupling\how\exercises.md
2018-10-01T07:13:08.216Z - info: [15:13:08] Reload for file change: C:\repos\nus-cs2103-AY1819S1\cs2103-website\book\designFundamentals\coupling\how\q-tick-coupling.md
2018-10-01T07:13:08.216Z - info: [15:13:08] Reload for file change: C:\repos\nus-cs2103-AY1819S1\cs2103-website\book\designFundamentals\cohesion\how\exercises.md
2018-10-01T07:13:08.216Z - info: [15:13:08] Reload for file change: C:\repos\nus-cs2103-AY1819S1\cs2103-website\book\designFundamentals\cohesion\how\q-essay-emailMessage.md
2018-10-01T07:13:08.216Z - info: [15:13:08] Reload for file change: C:\repos\nus-cs2103-AY1819S1\cs2103-website\book\principles\separationOfConcernsPrinciple\exercises.md
2018-10-01T07:13:08.216Z - info: [15:13:08] Reload for file change: C:\repos\nus-cs2103-AY1819S1\cs2103-website\book\principles\separationOfConcernsPrinciple\q-tick-correctStatement.md
2018-10-01T07:13:08.216Z - info: [15:13:08] Reload for file change: C:\repos\nus-cs2103-AY1819S1\cs2103-website\book\principles\openClosedPrinciple\exercises.md
2018-10-01T07:13:08.216Z - info: [15:13:08] Reload for file change: C:\repos\nus-cs2103-AY1819S1\cs2103-website\book\principles\openClosedPrinciple\q-tick-ocp.md
2018-10-01T07:13:08.216Z - info: [15:13:08] Reload for file change: C:\repos\nus-cs2103-AY1819S1\cs2103-website\book\principles\singleResponsibilityPrinciple\resources.md
2018-10-01T07:13:08.216Z - info: [15:13:08] Reload for file change: C:\repos\nus-cs2103-AY1819S1\cs2103-website\book\integration\approaches\bigBangVsIncremental\exercises.md
2018-10-01T07:13:08.216Z - info: [15:13:08] Reload for file change: C:\repos\nus-cs2103-AY1819S1\cs2103-website\book\integration\approaches\bigBangVsIncremental\q-essay-integration.md
2018-10-01T07:13:08.216Z - info: [15:13:08] Reload for file change: C:\repos\nus-cs2103-AY1819S1\cs2103-website\book\integration\approaches\topDownVsBottomUp\exercises.md
2018-10-01T07:13:08.216Z - info: [15:13:08] Reload for file change: C:\repos\nus-cs2103-AY1819S1\cs2103-website\book\integration\approaches\topDownVsBottomUp\q-essay-integration.md
2018-10-01T07:13:08.216Z - info: [15:13:08] Reload for file change: C:\repos\nus-cs2103-AY1819S1\cs2103-website\book\integration\approaches\topDownVsBottomUp\q-essay-architecture.md
2018-10-01T07:13:08.216Z - info: [15:13:08] Reload for file change: C:\repos\nus-cs2103-AY1819S1\cs2103-website\book\oop\associations\associationClasses\exercises.md
2018-10-01T07:13:08.216Z - info: [15:13:08] Reload for file change: C:\repos\nus-cs2103-AY1819S1\cs2103-website\book\oop\associations\associationClasses\q-tick-associationClasses.md
2018-10-01T07:13:08.216Z - info: [15:13:08] Reload for file change: C:\repos\nus-cs2103-AY1819S1\cs2103-website\book\testing\testingTypes\unitTesting\what\exampleTestCode-java.md
2018-10-01T07:13:08.216Z - info: [15:13:08] Reload for file change: C:\repos\nus-cs2103-AY1819S1\cs2103-website\book\testing\testingTypes\unitTesting\what\exampleTestCode-python.md
2018-10-01T07:13:08.216Z - info: [15:13:08] Reload for file change: C:\repos\nus-cs2103-AY1819S1\cs2103-website\book\testing\testingTypes\unitTesting\what\resources.md
2018-10-01T07:13:08.216Z - info: [15:13:08] Reload for file change: C:\repos\nus-cs2103-AY1819S1\cs2103-website\book\testing\testingTypes\unitTesting\stubs\resources.md
2018-10-01T07:13:08.216Z - info: [15:13:08] Reload for file change: C:\repos\nus-cs2103-AY1819S1\cs2103-website\book\testing\testingTypes\unitTesting\stubs\exercises.md
2018-10-01T07:13:08.216Z - info: [15:13:08] Reload for file change: C:\repos\nus-cs2103-AY1819S1\cs2103-website\book\testing\testingTypes\unitTesting\stubs\q-tick-trueFalse.md
2018-10-01T07:13:08.216Z - info: [15:13:08] Reload for file change: C:\repos\nus-cs2103-AY1819S1\cs2103-website\book\testing\dependencyInjection\how\exercises.md
2018-10-01T07:13:08.216Z - info: [15:13:08] Reload for file change: C:\repos\nus-cs2103-AY1819S1\cs2103-website\book\testing\dependencyInjection\how\q-tick-incorrectStatement.md
2018-10-01T07:13:08.216Z - info: [15:13:08] Reload for file change: C:\repos\nus-cs2103-AY1819S1\cs2103-website\book\testing\testAutomation\testingGuis\exercises.md
2018-10-01T07:13:08.216Z - info: [15:13:08] Reload for file change: C:\repos\nus-cs2103-AY1819S1\cs2103-website\book\testing\testAutomation\testingGuis\q-tick-trueFalse.md
2018-10-01T07:13:08.216Z - info: [15:13:08] Reload for file change: C:\repos\nus-cs2103-AY1819S1\cs2103-website\book\testing\testingTypes\acceptanceTesting\acceptanceVsSystemTesting\exercises.md
2018-10-01T07:13:08.216Z - info: [15:13:08] Reload for file change: C:\repos\nus-cs2103-AY1819S1\cs2103-website\book\testing\testingTypes\acceptanceTesting\acceptanceVsSystemTesting\q-tick-leastCorrect.md
2018-10-01T07:13:08.216Z - info: [15:13:08] Reload for file change: C:\repos\nus-cs2103-AY1819S1\cs2103-website\book\projectPlanning\workBreakdownStructure\exercises.md
2018-10-01T07:13:08.216Z - info: [15:13:08] Reload for file change: C:\repos\nus-cs2103-AY1819S1\cs2103-website\book\projectPlanning\workBreakdownStructure\q-tick-wellDefinedTask.md
2018-10-01T07:13:08.216Z - info: [15:13:08] Reload for file change: C:\repos\nus-cs2103-AY1819S1\cs2103-website\book\teamwork\teamStructures\exercises.md
2018-10-01T07:13:08.216Z - info: [15:13:08] Reload for file change: C:\repos\nus-cs2103-AY1819S1\cs2103-website\book\teamwork\teamStructures\q-tick-teamStructure.md
2018-10-01T07:13:11.424Z - info: [15:13:11] Reload for file change: C:\repos\nus-cs2103-AY1819S1\cs2103-website\_markbind\head\scheduleHead-flat.md
2018-10-01T07:13:11.534Z - info: [15:13:11] Reload for file change: C:\repos\nus-cs2103-AY1819S1\cs2103-website\_markbind\head\adminHead-flat.md
2018-10-01T07:13:11.534Z - info: [15:13:11] Reload for file change: C:\repos\nus-cs2103-AY1819S1\cs2103-website\_markbind\head\scheduleHead.md
2018-10-01T07:13:11.643Z - info: [15:13:11] Reload for file change: C:\repos\nus-cs2103-AY1819S1\cs2103-website\_markbind\head\adminHead.md
2018-10-01T08:10:10.795Z - info: Website generation started at 16:09:59
2018-10-01T08:10:49.921Z - info: Building assets...
2018-10-01T08:11:07.461Z - info: Assets built
2018-10-01T08:11:07.463Z - info: Generating pages...
2018-10-01T08:12:35.089Z - info: Pages built
2018-10-01T08:12:35.969Z - info: Site data built
2018-10-01T08:12:35.969Z - info: Website generation complete! Total build time: 156.412s
2018-10-01T08:12:35.970Z - info: Build success!
2018-10-01T08:12:35.970Z - info: Generate Site durationMs=156413
2018-10-01T08:13:57.169Z - info: Deployed!
2018-10-01T08:37:01.354Z - info: Website generation started at 16:36:55
2018-10-01T08:37:25.358Z - info: Building assets...
