2018-09-08T04:50:21.157Z - info: Website generation started at 12:50:08
2018-09-08T04:51:02.949Z - info: Building assets...
2018-09-08T04:51:15.400Z - info: Assets built
2018-09-08T04:51:15.400Z - info: Generating pages...
2018-09-08T04:52:56.684Z - info: Pages built
2018-09-08T04:52:57.363Z - info: Site data built
2018-09-08T04:52:57.364Z - info: Website generation complete! Total build time: 168.515s
2018-09-08T04:52:57.391Z - info: Generate Site durationMs=168542
2018-09-08T04:52:57.923Z - info: Serving "C:\repos\nus-cs2103-AY1819S1\cs2103-website\_site" at http://127.0.0.1:8080
2018-09-08T04:52:57.923Z - info: Press CTRL+C to stop ...
2018-09-08T06:17:08.501Z - info: [14:17:06] Reload for file change: C:\repos\nus-cs2103-AY1819S1\cs2103-website\admin\project-w06-mid-v11.md
2018-09-08T06:17:10.498Z - info: [14:17:10] Reload for file change: C:\repos\nus-cs2103-AY1819S1\cs2103-website\admin\project-w06-mid-v11.md
2018-09-08T06:17:12.040Z - verbose: Rebuild affected paths: C:\repos\nus-cs2103-AY1819S1\cs2103-website\admin\project-w06-mid-v11.md
2018-09-08T06:17:14.803Z - info: Rebuilding 5 pages
2018-09-08T06:37:16.742Z - info: Website generation started at 14:37:08
2018-09-08T06:37:34.478Z - info: Building assets...
2018-09-08T06:37:51.645Z - info: Assets built
2018-09-08T06:37:51.646Z - info: Generating pages...
2018-09-08T06:39:34.106Z - info: Pages built
2018-09-08T06:39:35.286Z - info: Site data built
2018-09-08T06:39:35.286Z - info: Website generation complete! Total build time: 146.346s
2018-09-08T06:39:35.286Z - info: Build success!
2018-09-08T06:39:35.297Z - info: Generate Site durationMs=146357
2018-09-08T06:40:47.385Z - info: Deployed!
2018-09-08T08:46:35.564Z - info: Website generation started at 16:46:24
2018-09-08T08:47:00.373Z - info: Building assets...
2018-09-08T08:47:18.463Z - info: Assets built
2018-09-08T08:47:18.465Z - info: Generating pages...
2018-09-08T08:49:20.056Z - info: Pages built
2018-09-08T08:49:20.677Z - info: Site data built
2018-09-08T08:49:20.677Z - info: Website generation complete! Total build time: 176.357s
2018-09-08T08:49:20.696Z - info: Generate Site durationMs=176376
2018-09-08T08:49:21.154Z - info: Serving "C:\repos\nus-cs2103-AY1819S1\cs2103-website\_site" at http://127.0.0.1:8080
2018-09-08T08:49:21.155Z - info: Press CTRL+C to stop ...
