2019-01-09T14:32:51.455Z - info: Website generation started at 22:32:46
2019-01-09T14:32:54.678Z - info: Building assets...
2019-01-09T14:32:57.728Z - info: Assets built
2019-01-09T14:32:57.729Z - info: Generating pages...
2019-01-09T14:35:07.154Z - info: Pages built
2019-01-09T14:35:07.222Z - info: Site data built
2019-01-09T14:35:07.222Z - info: Website generation complete! Total build time: 141.126s
2019-01-09T14:35:07.234Z - info: Generate Site durationMs=141138
2019-01-09T14:35:07.266Z - info: Serving "C:\repos\nus-cs2103-AY1819S2\cs2103-website\_site" at http://127.0.0.1:8080
2019-01-09T14:35:07.266Z - info: Press CTRL+C to stop ...
2019-01-09T14:38:01.310Z - info: [22:38:01] Reload for file change: C:\repos\nus-cs2103-AY1819S2\cs2103-website\book\cppToJava\project\taskManager\index.md
2019-01-09T14:38:02.323Z - verbose: Rebuild affected paths: C:\repos\nus-cs2103-AY1819S2\cs2103-website\book\cppToJava\project\taskManager\index.md
2019-01-09T14:38:02.323Z - info: Rebuilding 1 pages
2019-01-09T14:38:02.447Z - info: Pages rebuilt
2019-01-09T14:38:02.455Z - info: Site data built
2019-01-09T14:41:56.453Z - info: [22:41:56] Reload for file add: C:\repos\nus-cs2103-AY1819S2\cs2103-website\book\cppToJava\project\index.md
2019-01-09T14:41:56.473Z - info: [22:41:56] Reload for file add: C:\repos\nus-cs2103-AY1819S2\cs2103-website\book\cppToJava\project\text.md
2019-01-09T14:41:56.473Z - info: [22:41:56] Reload for file add: C:\repos\nus-cs2103-AY1819S2\cs2103-website\book\cppToJava\project\path.md
2019-01-09T14:41:57.459Z - verbose: Rebuild affected paths: C:\repos\nus-cs2103-AY1819S2\cs2103-website\book\cppToJava\project\index.md,C:\repos\nus-cs2103-AY1819S2\cs2103-website\book\cppToJava\project\text.md,C:\repos\nus-cs2103-AY1819S2\cs2103-website\book\cppToJava\project\path.md
2019-01-09T14:41:57.463Z - info: Rebuilding 0 pages
2019-01-09T14:41:57.467Z - info: Pages rebuilt
2019-01-09T14:41:57.483Z - info: Site data built
2019-01-09T14:43:38.429Z - info: [22:43:38] Reload for file add: C:\repos\nus-cs2103-AY1819S2\cs2103-website\book\cppToJava\project\taskManager\text.md
2019-01-09T14:43:39.433Z - verbose: Rebuild affected paths: C:\repos\nus-cs2103-AY1819S2\cs2103-website\book\cppToJava\project\taskManager\text.md
2019-01-09T14:43:39.433Z - info: Rebuilding 0 pages
2019-01-09T14:43:39.433Z - info: Pages rebuilt
2019-01-09T14:43:39.441Z - info: Site data built
2019-01-09T14:48:36.959Z - info: [22:48:36] Reload for file change: C:\repos\nus-cs2103-AY1819S2\cs2103-website\book\cppToJava\project\path.md
2019-01-09T14:48:36.975Z - info: [22:48:36] Reload for file change: C:\repos\nus-cs2103-AY1819S2\cs2103-website\book\cppToJava\project\taskManager\text.md
2019-01-09T14:48:37.006Z - info: [22:48:37] Reload for file change: C:\repos\nus-cs2103-AY1819S2\cs2103-website\book\cppToJava\project\taskManager\index.md
2019-01-09T14:48:37.014Z - info: [22:48:37] Reload for file change: C:\repos\nus-cs2103-AY1819S2\cs2103-website\book\cppToJava\project\index.md
2019-01-09T14:48:37.018Z - info: [22:48:37] Reload for file change: C:\repos\nus-cs2103-AY1819S2\cs2103-website\book\cppToJava\project\text.md
2019-01-09T14:48:37.969Z - verbose: Rebuild affected paths: C:\repos\nus-cs2103-AY1819S2\cs2103-website\book\cppToJava\project\path.md,C:\repos\nus-cs2103-AY1819S2\cs2103-website\book\cppToJava\project\taskManager\text.md,C:\repos\nus-cs2103-AY1819S2\cs2103-website\book\cppToJava\project\taskManager\index.md,C:\repos\nus-cs2103-AY1819S2\cs2103-website\book\cppToJava\project\index.md,C:\repos\nus-cs2103-AY1819S2\cs2103-website\book\cppToJava\project\text.md
2019-01-09T14:48:37.969Z - info: Rebuilding 1 pages
2019-01-09T14:48:38.073Z - info: Pages rebuilt
2019-01-09T14:48:38.077Z - info: Site data built
2019-01-09T14:50:18.587Z - info: [22:50:18] Reload for file change: C:\repos\nus-cs2103-AY1819S2\cs2103-website\se-book-adapted\config.njk
2019-01-09T14:50:19.617Z - info: Assets built
2019-01-09T14:51:20.007Z - info: Website generation started at 22:51:15
2019-01-09T14:51:22.912Z - info: Building assets...
2019-01-09T14:51:25.424Z - info: Assets built
2019-01-09T14:51:25.425Z - info: Generating pages...
2019-01-09T14:53:24.490Z - info: Pages built
2019-01-09T14:53:24.550Z - info: Site data built
2019-01-09T14:53:24.550Z - info: Website generation complete! Total build time: 129.158s
2019-01-09T14:53:24.562Z - info: Generate Site durationMs=129170
2019-01-09T14:53:24.578Z - info: Serving "C:\repos\nus-cs2103-AY1819S2\cs2103-website\_site" at http://127.0.0.1:8080
2019-01-09T14:53:24.578Z - info: Press CTRL+C to stop ...
2019-01-09T14:56:40.751Z - info: [22:56:40] Reload for file change: C:\repos\nus-cs2103-AY1819S2\cs2103-website\book\cppToJava\project\taskManager\text.md
2019-01-09T14:56:41.761Z - verbose: Rebuild affected paths: C:\repos\nus-cs2103-AY1819S2\cs2103-website\book\cppToJava\project\taskManager\text.md
2019-01-09T14:56:41.761Z - info: Rebuilding 4 pages
2019-01-09T14:56:44.723Z - info: Pages rebuilt
2019-01-09T14:56:44.727Z - info: Site data built
2019-01-09T15:00:33.579Z - info: [23:00:33] Reload for file change: C:\repos\nus-cs2103-AY1819S2\cs2103-website\book\cppToJava\project\taskManager\text.md
2019-01-09T15:00:33.595Z - info: [23:00:33] Reload for file change: C:\repos\nus-cs2103-AY1819S2\cs2103-website\se-book-adapted\config.njk
2019-01-09T15:00:34.586Z - verbose: Rebuild affected paths: C:\repos\nus-cs2103-AY1819S2\cs2103-website\book\cppToJava\project\taskManager\text.md
2019-01-09T15:00:34.594Z - info: Rebuilding 4 pages
2019-01-09T15:00:36.291Z - info: Assets built
2019-01-09T15:00:37.551Z - info: Pages rebuilt
2019-01-09T15:00:37.559Z - info: Site data built
2019-01-09T15:01:51.843Z - info: [23:01:51] Reload for file change: C:\repos\nus-cs2103-AY1819S2\cs2103-website\book\cppToJava\project\taskManager\text.md
2019-01-09T15:01:52.867Z - verbose: Rebuild affected paths: C:\repos\nus-cs2103-AY1819S2\cs2103-website\book\cppToJava\project\taskManager\text.md
2019-01-09T15:01:52.871Z - info: Rebuilding 4 pages
2019-01-09T15:01:55.959Z - info: Pages rebuilt
2019-01-09T15:01:55.963Z - info: Site data built
2019-01-09T15:05:52.038Z - info: [23:05:52] Reload for file change: C:\repos\nus-cs2103-AY1819S2\cs2103-website\book\cppToJava\project\taskManager\text.md
2019-01-09T15:05:52.054Z - info: [23:05:52] Reload for file change: C:\repos\nus-cs2103-AY1819S2\cs2103-website\book\cppToJava\project\taskManager\q-taskManagerLevel1.md
2019-01-09T15:05:53.050Z - verbose: Rebuild affected paths: C:\repos\nus-cs2103-AY1819S2\cs2103-website\book\cppToJava\project\taskManager\text.md,C:\repos\nus-cs2103-AY1819S2\cs2103-website\book\cppToJava\project\taskManager\q-taskManagerLevel1.md
2019-01-09T15:05:53.054Z - info: Rebuilding 22 pages
2019-01-09T15:06:06.013Z - info: Pages rebuilt
2019-01-09T15:06:06.021Z - info: Site data built
2019-01-09T15:12:24.278Z - info: [23:12:24] Reload for file change: C:\repos\nus-cs2103-AY1819S2\cs2103-website\book\cppToJava\project\taskManager\text.md
2019-01-09T15:12:25.282Z - verbose: Rebuild affected paths: C:\repos\nus-cs2103-AY1819S2\cs2103-website\book\cppToJava\project\taskManager\text.md
2019-01-09T15:12:25.286Z - info: Rebuilding 4 pages
2019-01-09T15:12:28.181Z - info: Pages rebuilt
2019-01-09T15:12:28.197Z - info: Site data built
2019-01-09T15:14:30.686Z - info: [23:14:30] Reload for file change: C:\repos\nus-cs2103-AY1819S2\cs2103-website\book\cppToJava\project\taskManager\text.md
2019-01-09T15:14:31.703Z - verbose: Rebuild affected paths: C:\repos\nus-cs2103-AY1819S2\cs2103-website\book\cppToJava\project\taskManager\text.md
2019-01-09T15:14:31.703Z - info: Rebuilding 4 pages
2019-01-09T15:14:35.320Z - info: Pages rebuilt
2019-01-09T15:14:35.324Z - info: Site data built
2019-01-09T15:15:16.866Z - info: [23:15:16] Reload for file change: C:\repos\nus-cs2103-AY1819S2\cs2103-website\book\cppToJava\project\taskManager\text.md
2019-01-09T15:15:17.912Z - verbose: Rebuild affected paths: C:\repos\nus-cs2103-AY1819S2\cs2103-website\book\cppToJava\project\taskManager\text.md
2019-01-09T15:15:17.912Z - info: Rebuilding 4 pages
2019-01-09T15:15:22.295Z - info: Pages rebuilt
2019-01-09T15:15:22.307Z - info: Site data built
