2018-09-19T05:33:59.894Z - info: Website generation started at 13:33:47
2018-09-19T05:34:45.630Z - info: Building assets...
2018-09-19T05:35:08.776Z - info: Assets built
2018-09-19T05:35:08.776Z - info: Generating pages...
2018-09-19T05:37:00.214Z - info: Pages built
2018-09-19T05:37:00.998Z - info: Site data built
2018-09-19T05:37:00.998Z - info: Website generation complete! Total build time: 193.75s
2018-09-19T05:37:01.019Z - info: Generate Site durationMs=193771
2018-09-19T05:37:01.634Z - info: Serving "C:\repos\nus-cs2103-AY1819S1\cs2103-website\_site" at http://127.0.0.1:8080
2018-09-19T05:37:01.634Z - info: Press CTRL+C to stop ...
2018-09-19T05:41:43.693Z - info: [13:41:43] Reload for file change: C:\repos\nus-cs2103-AY1819S1\cs2103-website\admin\appendixE-gitHub.md
2018-09-19T05:41:44.704Z - verbose: Rebuild affected paths: C:\repos\nus-cs2103-AY1819S1\cs2103-website\admin\appendixE-gitHub.md
2018-09-19T05:41:44.704Z - info: Rebuilding 23 pages
2018-09-19T05:43:02.245Z - info: Website generation started at 13:42:57
2018-09-19T05:43:05.837Z - info: Building assets...
2018-09-19T05:43:09.239Z - info: Assets built
2018-09-19T05:43:09.240Z - info: Generating pages...
2018-09-19T05:44:43.455Z - info: Pages built
2018-09-19T05:44:43.648Z - info: Site data built
2018-09-19T05:44:43.648Z - info: Website generation complete! Total build time: 106.574s
2018-09-19T05:44:43.649Z - info: Build success!
2018-09-19T05:44:43.649Z - info: Generate Site durationMs=106575
2018-09-19T05:46:27.972Z - info: Deployed!
2018-09-19T05:55:08.495Z - info: Website generation started at 13:55:05
2018-09-19T05:55:11.057Z - info: Building assets...
2018-09-19T05:55:14.495Z - info: Assets built
2018-09-19T05:55:14.495Z - info: Generating pages...
2018-09-19T05:56:47.692Z - info: Pages built
2018-09-19T05:56:47.882Z - info: Site data built
2018-09-19T05:56:47.882Z - info: Website generation complete! Total build time: 102.844s
2018-09-19T05:56:47.898Z - info: Generate Site durationMs=102860
2018-09-19T05:56:48.382Z - info: Serving "C:\repos\nus-cs2103-AY1819S1\cs2103-website\_site" at http://127.0.0.1:8080
2018-09-19T05:56:48.382Z - info: Press CTRL+C to stop ...
2018-09-19T06:03:42.462Z - info: [14:03:42] Reload for file change: C:\repos\nus-cs2103-AY1819S1\cs2103-website\admin\project-constraints.md
2018-09-19T06:03:43.481Z - verbose: Rebuild affected paths: C:\repos\nus-cs2103-AY1819S1\cs2103-website\admin\project-constraints.md
2018-09-19T06:03:43.481Z - info: Rebuilding 5 pages
2018-09-19T06:04:15.914Z - info: Pages rebuilt
2018-09-19T06:04:15.942Z - info: Site data built
