2018-08-09T14:34:24.037Z - info: Website generation started at 22:34:20
2018-08-09T14:34:26.120Z - info: Building assets...
2018-08-09T14:34:27.847Z - info: Assets built
2018-08-09T14:34:27.848Z - info: Generating pages...
2018-08-09T14:35:35.292Z - info: Pages built
2018-08-09T14:35:35.370Z - info: Site data built
2018-08-09T14:35:35.370Z - info: Website generation complete! Total build time: 74.674s
2018-08-09T14:35:35.386Z - info: Generate Site durationMs=74690
2018-08-09T14:35:35.406Z - info: Serving "C:\repos\nus-cs2103-AY1819S1\cs2103-website\_site" at http://127.0.0.1:8080
2018-08-09T14:35:35.406Z - info: Press CTRL+C to stop ...
2018-08-09T14:42:03.830Z - info: [22:42:03] Reload for file change: C:\repos\nus-cs2103-AY1819S1\cs2103-website\css\main.css
2018-08-09T14:42:04.848Z - info: Assets built
2018-08-09T14:44:53.041Z - info: [22:44:53] Reload for file change: C:\repos\nus-cs2103-AY1819S1\cs2103-website\book\about\usage.md
2018-08-09T14:44:54.044Z - verbose: Rebuild affected paths: C:\repos\nus-cs2103-AY1819S1\cs2103-website\book\about\usage.md
2018-08-09T14:44:54.044Z - info: Rebuilding 3 pages
2018-08-09T14:45:13.663Z - info: Pages rebuilt
2018-08-09T14:45:13.690Z - info: Site data built
2018-08-09T14:45:26.298Z - info: [22:45:26] Reload for file change: C:\repos\nus-cs2103-AY1819S1\cs2103-website\book\about\usage.md
2018-08-09T14:45:27.299Z - verbose: Rebuild affected paths: C:\repos\nus-cs2103-AY1819S1\cs2103-website\book\about\usage.md
2018-08-09T14:45:27.300Z - info: Rebuilding 3 pages
2018-08-09T14:45:46.989Z - info: Pages rebuilt
2018-08-09T14:45:47.038Z - info: Site data built
2018-08-09T14:47:47.344Z - info: [22:47:47] Reload for file change: C:\repos\nus-cs2103-AY1819S1\cs2103-website\book\gitAndGithub\checkout\sourcetree_2.md
2018-08-09T14:47:48.349Z - verbose: Rebuild affected paths: C:\repos\nus-cs2103-AY1819S1\cs2103-website\book\gitAndGithub\checkout\sourcetree_2.md
2018-08-09T14:47:48.354Z - info: Rebuilding 6 pages
2018-08-09T14:48:10.198Z - info: Pages rebuilt
2018-08-09T14:48:10.219Z - info: Site data built
2018-08-09T14:58:29.914Z - info: [22:58:29] Reload for file add: C:\repos\nus-cs2103-AY1819S1\cs2103-website\_markbind\head\scheduleHead-flat.md
2018-08-09T14:58:30.915Z - verbose: Rebuild affected paths: C:\repos\nus-cs2103-AY1819S1\cs2103-website\_markbind\head\scheduleHead-flat.md
2018-08-09T14:58:30.917Z - info: Rebuilding 0 pages
2018-08-09T14:58:30.926Z - info: Pages rebuilt
2018-08-09T14:58:30.935Z - info: Site data built
2018-08-09T14:59:08.005Z - info: [22:59:08] Reload for file change: C:\repos\nus-cs2103-AY1819S1\cs2103-website\schedule\index-flat.md
2018-08-09T14:59:08.011Z - info: [22:59:08] Reload for file change: C:\repos\nus-cs2103-AY1819S1\cs2103-website\_markbind\head\scheduleHead-flat.md
2018-08-09T14:59:09.007Z - verbose: Rebuild affected paths: C:\repos\nus-cs2103-AY1819S1\cs2103-website\schedule\index-flat.md,C:\repos\nus-cs2103-AY1819S1\cs2103-website\_markbind\head\scheduleHead-flat.md
2018-08-09T14:59:09.008Z - info: Rebuilding 2 pages
2018-08-09T14:59:13.345Z - info: Pages rebuilt
2018-08-09T14:59:13.352Z - info: Site data built
2018-08-09T15:00:26.047Z - info: Website generation started at 23:00:23
2018-08-09T15:00:27.098Z - info: Building assets...
2018-08-09T15:00:28.996Z - info: Assets built
2018-08-09T15:00:28.996Z - info: Generating pages...
2018-08-09T15:01:55.088Z - info: Pages built
2018-08-09T15:01:55.191Z - info: Site data built
2018-08-09T15:01:55.191Z - info: Website generation complete! Total build time: 91.681s
2018-08-09T15:01:55.204Z - info: Generate Site durationMs=91693
2018-08-09T15:01:55.228Z - info: Serving "C:\repos\nus-cs2103-AY1819S1\cs2103-website\_site" at http://127.0.0.1:8080
2018-08-09T15:01:55.228Z - info: Press CTRL+C to stop ...
2018-08-09T15:08:10.393Z - info: [23:08:10] Reload for file change: C:\repos\nus-cs2103-AY1819S1\cs2103-website\index-flat.md
2018-08-09T15:08:11.400Z - verbose: Rebuild affected paths: C:\repos\nus-cs2103-AY1819S1\cs2103-website\index-flat.md
2018-08-09T15:08:11.405Z - info: Rebuilding 1 pages
2018-08-09T15:08:14.727Z - info: Pages rebuilt
2018-08-09T15:08:14.742Z - info: Site data built
2018-08-09T15:13:53.264Z - info: [23:13:53] Reload for file change: C:\repos\nus-cs2103-AY1819S1\cs2103-website\admin\tutorials.md
2018-08-09T15:13:54.272Z - verbose: Rebuild affected paths: C:\repos\nus-cs2103-AY1819S1\cs2103-website\admin\tutorials.md
2018-08-09T15:13:54.274Z - info: Rebuilding 10 pages
2018-08-09T15:14:17.613Z - info: Pages rebuilt
2018-08-09T15:14:17.663Z - info: Site data built
2018-08-09T15:32:21.206Z - info: Website generation started at 23:32:16
2018-08-09T15:32:22.423Z - info: Building assets...
2018-08-09T15:32:24.714Z - info: Assets built
2018-08-09T15:32:24.714Z - info: Generating pages...
2018-08-09T15:33:42.864Z - info: Pages built
2018-08-09T15:33:42.980Z - info: Site data built
2018-08-09T15:33:42.980Z - info: Website generation complete! Total build time: 86.365s
2018-08-09T15:33:42.980Z - info: Build success!
2018-08-09T15:33:42.980Z - info: Generate Site durationMs=86365
2018-08-09T15:34:33.724Z - info: Deployed!
2018-08-09T15:36:48.128Z - info: Website generation started at 23:36:45
2018-08-09T15:36:49.440Z - info: Building assets...
2018-08-09T15:36:51.316Z - info: Assets built
2018-08-09T15:36:51.316Z - info: Generating pages...
2018-08-09T15:38:13.229Z - info: Pages built
2018-08-09T15:38:13.301Z - info: Site data built
2018-08-09T15:38:13.301Z - info: Website generation complete! Total build time: 87.913s
2018-08-09T15:38:13.313Z - info: Generate Site durationMs=87925
2018-08-09T15:38:13.337Z - info: Serving "C:\repos\nus-cs2103-AY1819S1\cs2103-website\_site" at http://127.0.0.1:8080
2018-08-09T15:38:13.337Z - info: Press CTRL+C to stop ...
2018-08-09T15:38:53.820Z - info: Website generation started at 23:38:50
2018-08-09T15:38:54.985Z - info: Building assets...
2018-08-09T15:38:57.017Z - info: Assets built
2018-08-09T15:38:57.017Z - info: Generating pages...
2018-08-09T15:40:34.981Z - info: Pages built
2018-08-09T15:40:35.093Z - info: Site data built
2018-08-09T15:40:35.093Z - info: Website generation complete! Total build time: 104.15s
2018-08-09T15:40:35.093Z - info: Build success!
2018-08-09T15:40:35.093Z - info: Generate Site durationMs=104150
2018-08-09T15:41:15.669Z - info: Deployed!
