2019-01-01T13:29:47.277Z - info: Website generation started at 21:29:47
2019-01-01T13:29:49.178Z - info: Building assets...
2019-01-01T13:29:51.816Z - info: Assets built
2019-01-01T13:29:51.817Z - info: Generating pages...
2019-01-01T13:32:13.088Z - info: Pages built
2019-01-01T13:32:13.171Z - info: Site data built
2019-01-01T13:32:13.172Z - info: Website generation complete! Total build time: 145.907s
2019-01-01T13:32:13.196Z - info: Generate Site durationMs=145931
2019-01-01T13:32:13.235Z - info: Serving "C:\repos\nus-cs2103-AY1819S2\cs2103-website\_site" at http://127.0.0.1:8080
2019-01-01T13:32:13.236Z - info: Press CTRL+C to stop ...
2019-01-01T13:50:55.285Z - info: Website generation started at 21:50:51
2019-01-01T13:50:57.157Z - info: Building assets...
2019-01-01T13:51:00.599Z - info: Assets built
2019-01-01T13:51:00.600Z - info: Generating pages...
2019-01-01T13:54:01.632Z - info: Pages built
2019-01-01T13:54:01.716Z - info: Site data built
2019-01-01T13:54:01.716Z - info: Website generation complete! Total build time: 190.7s
2019-01-01T13:54:01.736Z - info: Generate Site durationMs=190716
2019-01-01T13:54:01.756Z - info: Serving "C:\repos\nus-cs2103-AY1819S2\cs2103-website\_site" at http://127.0.0.1:8080
2019-01-01T13:54:01.756Z - info: Press CTRL+C to stop ...
2019-01-01T14:04:16.843Z - info: Website generation started at 22:04:12
2019-01-01T14:04:18.544Z - info: Building assets...
2019-01-01T14:04:20.996Z - info: Assets built
2019-01-01T14:04:21.000Z - info: Generating pages...
2019-01-01T14:06:25.322Z - info: Pages built
2019-01-01T14:06:25.379Z - info: Site data built
2019-01-01T14:06:25.379Z - info: Website generation complete! Total build time: 133.305s
2019-01-01T14:06:25.395Z - info: Generate Site durationMs=133321
2019-01-01T14:06:25.411Z - info: Serving "C:\repos\nus-cs2103-AY1819S2\cs2103-website\_site" at http://127.0.0.1:8080
2019-01-01T14:06:25.411Z - info: Press CTRL+C to stop ...
2019-01-01T14:08:46.142Z - info: [22:08:46] Reload for file change: C:\repos\nus-cs2103-AY1819S2\cs2103-website\common\outcomes.njk
2019-01-01T14:08:47.148Z - info: Assets built
2019-01-01T14:09:08.027Z - info: Website generation started at 22:09:04
2019-01-01T14:09:09.534Z - info: Building assets...
2019-01-01T14:09:11.081Z - info: Assets built
2019-01-01T14:09:11.081Z - info: Generating pages...
2019-01-01T14:10:46.490Z - info: Pages built
2019-01-01T14:10:46.554Z - info: Site data built
2019-01-01T14:10:46.554Z - info: Website generation complete! Total build time: 102.527s
2019-01-01T14:10:46.568Z - info: Generate Site durationMs=102541
2019-01-01T14:10:46.590Z - info: Serving "C:\repos\nus-cs2103-AY1819S2\cs2103-website\_site" at http://127.0.0.1:8080
2019-01-01T14:10:46.590Z - info: Press CTRL+C to stop ...
2019-01-01T14:16:09.815Z - info: [22:16:09] Reload for file change: C:\repos\nus-cs2103-AY1819S2\cs2103-website\common\outcomes.njk
2019-01-01T14:16:10.828Z - info: Assets built
2019-01-01T14:17:20.952Z - info: [22:17:20] Reload for file change: C:\repos\nus-cs2103-AY1819S2\cs2103-website\common\outcomes.njk
2019-01-01T14:17:21.976Z - info: Assets built
2019-01-01T14:17:32.887Z - info: Website generation started at 22:17:29
2019-01-01T14:17:34.519Z - info: Building assets...
2019-01-01T14:17:36.151Z - info: Assets built
2019-01-01T14:17:36.152Z - info: Generating pages...
2019-01-01T14:19:11.481Z - info: Pages built
2019-01-01T14:19:11.540Z - info: Site data built
2019-01-01T14:19:11.541Z - info: Website generation complete! Total build time: 102.408s
2019-01-01T14:19:11.551Z - info: Generate Site durationMs=102418
2019-01-01T14:19:11.563Z - info: Serving "C:\repos\nus-cs2103-AY1819S2\cs2103-website\_site" at http://127.0.0.1:8080
2019-01-01T14:19:11.563Z - info: Press CTRL+C to stop ...
2019-01-01T14:21:06.992Z - info: [22:21:06] Reload for file change: C:\repos\nus-cs2103-AY1819S2\cs2103-website\common\outcomes.njk
2019-01-01T14:21:08.054Z - info: Assets built
2019-01-01T14:27:10.248Z - info: [22:27:10] Reload for file change: C:\repos\nus-cs2103-AY1819S2\cs2103-website\common\outcomes.njk
2019-01-01T14:27:11.270Z - info: Assets built
2019-01-01T14:27:22.135Z - info: Website generation started at 22:27:18
2019-01-01T14:27:23.644Z - info: Building assets...
2019-01-01T14:27:26.409Z - info: Assets built
2019-01-01T14:27:26.410Z - info: Generating pages...
2019-01-01T14:29:03.234Z - info: Pages built
2019-01-01T14:29:03.304Z - info: Site data built
2019-01-01T14:29:03.305Z - info: Website generation complete! Total build time: 104.555s
2019-01-01T14:29:03.319Z - info: Generate Site durationMs=104569
2019-01-01T14:29:03.340Z - info: Serving "C:\repos\nus-cs2103-AY1819S2\cs2103-website\_site" at http://127.0.0.1:8080
2019-01-01T14:29:03.340Z - info: Press CTRL+C to stop ...
2019-01-01T14:34:31.765Z - info: [22:34:31] Reload for file change: C:\repos\nus-cs2103-AY1819S2\cs2103-website\common\outcomes.njk
2019-01-01T14:34:32.792Z - info: Assets built
2019-01-01T14:38:53.463Z - info: [22:38:53] Reload for file change: C:\repos\nus-cs2103-AY1819S2\cs2103-website\common\outcomes.njk
2019-01-01T14:38:54.487Z - info: Assets built
2019-01-01T14:39:10.456Z - info: Website generation started at 22:39:06
2019-01-01T14:39:12.103Z - info: Building assets...
2019-01-01T14:39:13.620Z - info: Assets built
2019-01-01T14:39:13.621Z - info: Generating pages...
2019-01-01T14:40:54.386Z - info: Pages built
2019-01-01T14:40:54.451Z - info: Site data built
2019-01-01T14:40:54.452Z - info: Website generation complete! Total build time: 108.288s
2019-01-01T14:40:54.464Z - info: Generate Site durationMs=108299
2019-01-01T14:40:54.481Z - info: Serving "C:\repos\nus-cs2103-AY1819S2\cs2103-website\_site" at http://127.0.0.1:8080
2019-01-01T14:40:54.481Z - info: Press CTRL+C to stop ...
2019-01-01T14:47:20.869Z - info: [22:47:20] Reload for file change: C:\repos\nus-cs2103-AY1819S2\cs2103-website\common\outcomes.njk
2019-01-01T14:47:21.917Z - info: Assets built
2019-01-01T14:49:29.170Z - info: Website generation started at 22:49:25
2019-01-01T14:49:30.842Z - info: Building assets...
2019-01-01T14:49:32.449Z - info: Assets built
2019-01-01T14:49:32.450Z - info: Generating pages...
2019-01-01T14:51:23.371Z - info: Pages built
2019-01-01T14:51:23.431Z - info: Site data built
2019-01-01T14:51:23.431Z - info: Website generation complete! Total build time: 117.806s
2019-01-01T14:51:23.447Z - info: Generate Site durationMs=117822
2019-01-01T14:51:23.462Z - info: Serving "C:\repos\nus-cs2103-AY1819S2\cs2103-website\_site" at http://127.0.0.1:8080
2019-01-01T14:51:23.462Z - info: Press CTRL+C to stop ...
2019-01-01T14:54:13.097Z - info: Website generation started at 22:54:09
2019-01-01T14:54:14.807Z - info: Building assets...
2019-01-01T14:54:16.486Z - info: Assets built
2019-01-01T14:54:16.487Z - info: Generating pages...
2019-01-01T14:55:48.426Z - info: Pages built
2019-01-01T14:55:48.551Z - info: Site data built
2019-01-01T14:55:48.551Z - info: Website generation complete! Total build time: 99.214s
2019-01-01T14:55:48.567Z - info: Generate Site durationMs=99230
2019-01-01T14:55:48.598Z - info: Serving "C:\repos\nus-cs2103-AY1819S2\cs2103-website\_site" at http://127.0.0.1:8080
2019-01-01T14:55:48.598Z - info: Press CTRL+C to stop ...
2019-01-01T15:05:43.130Z - info: Website generation started at 23:05:39
2019-01-01T15:05:44.814Z - info: Building assets...
