2018-11-13T05:11:43.349Z - info: Website generation started at 13:11:24
2018-11-13T05:13:16.357Z - info: Building assets...
2018-11-13T05:13:35.923Z - info: Assets built
2018-11-13T05:13:35.923Z - info: Generating pages...
2018-11-13T05:15:46.193Z - info: Pages built
2018-11-13T05:15:49.769Z - info: Site data built
2018-11-13T05:15:49.769Z - info: Website generation complete! Total build time: 265.323s
2018-11-13T05:15:49.769Z - info: Build success!
2018-11-13T05:15:49.769Z - info: Generate Site durationMs=265323
2018-11-13T05:17:33.451Z - info: Deployed!
2018-11-13T05:37:29.776Z - info: Website generation started at 13:37:11
2018-11-13T05:40:11.596Z - info: Building assets...
2018-11-13T05:41:11.714Z - info: Assets built
2018-11-13T05:41:11.715Z - info: Generating pages...
2018-11-13T05:43:26.538Z - info: Pages built
2018-11-13T05:43:27.359Z - info: Site data built
2018-11-13T05:43:27.359Z - info: Website generation complete! Total build time: 375.436s
2018-11-13T05:43:27.359Z - info: Build success!
2018-11-13T05:43:27.359Z - info: Generate Site durationMs=375436
2018-11-13T05:47:05.187Z - info: Deployed!
