2018-10-18T10:52:31.623Z - info: Website generation started at 18:52:16
2018-10-18T10:53:07.121Z - info: Building assets...
2018-10-18T10:53:24.482Z - info: Assets built
2018-10-18T10:53:24.483Z - info: Generating pages...
2018-10-18T10:55:04.493Z - info: Pages built
2018-10-18T10:55:05.307Z - info: Site data built
2018-10-18T10:55:05.308Z - info: Website generation complete! Total build time: 168.577s
2018-10-18T10:55:05.316Z - info: Generate Site durationMs=168585
2018-10-18T10:55:06.148Z - info: Serving "C:\repos\nus-cs2103-AY1819S1\cs2103-website\_site" at http://127.0.0.1:8080
2018-10-18T10:55:06.148Z - info: Press CTRL+C to stop ...
2018-10-18T10:57:09.981Z - info: Website generation started at 18:57:06
2018-10-18T10:57:12.389Z - info: Building assets...
2018-10-18T10:57:15.594Z - info: Assets built
2018-10-18T10:57:15.595Z - info: Generating pages...
2018-10-18T10:58:43.360Z - info: Pages built
2018-10-18T10:58:43.518Z - info: Site data built
2018-10-18T10:58:43.518Z - info: Website generation complete! Total build time: 96.544s
2018-10-18T10:58:43.518Z - info: Build success!
2018-10-18T10:58:43.519Z - info: Generate Site durationMs=96545
2018-10-18T11:07:23.326Z - info: Website generation started at 19:07:19
2018-10-18T11:07:28.796Z - info: Building assets...
2018-10-18T11:07:33.186Z - info: Assets built
2018-10-18T11:07:33.186Z - info: Generating pages...
2018-10-18T11:09:00.490Z - info: Pages built
2018-10-18T11:09:02.640Z - info: Site data built
2018-10-18T11:09:02.640Z - info: Website generation complete! Total build time: 102.974s
2018-10-18T11:09:02.640Z - info: Build success!
2018-10-18T11:09:02.640Z - info: Generate Site durationMs=102974
2018-10-18T11:10:08.809Z - info: Deployed!
2018-10-18T11:21:37.212Z - info: Website generation started at 19:21:33
2018-10-18T11:22:05.211Z - info: Building assets...
