2018-09-16T03:28:59.622Z - info: Website generation started at 11:28:55
2018-09-16T03:29:01.717Z - info: Building assets...
2018-09-16T03:29:03.814Z - info: Assets built
2018-09-16T03:29:03.815Z - info: Generating pages...
2018-09-16T03:30:27.995Z - info: Pages built
2018-09-16T03:30:28.057Z - info: Site data built
2018-09-16T03:30:28.057Z - info: Website generation complete! Total build time: 92.597s
2018-09-16T03:30:28.069Z - info: Generate Site durationMs=92609
2018-09-16T03:30:28.088Z - info: Serving "C:\repos\nus-cs2103-AY1819S1\cs2103-website\_site" at http://127.0.0.1:8080
2018-09-16T03:30:28.088Z - info: Press CTRL+C to stop ...
2018-09-16T03:31:55.975Z - info: Website generation started at 11:31:53
2018-09-16T03:31:57.394Z - info: Building assets...
2018-09-16T03:32:00.746Z - info: Assets built
2018-09-16T03:32:00.746Z - info: Generating pages...
2018-09-16T03:33:41.121Z - info: Pages built
2018-09-16T03:33:41.197Z - info: Site data built
2018-09-16T03:33:41.201Z - info: Website generation complete! Total build time: 107.878s
2018-09-16T03:33:41.201Z - info: Build success!
2018-09-16T03:33:41.201Z - info: Generate Site durationMs=107878
2018-09-16T03:34:36.159Z - info: Deployed!
