2018-09-28T13:42:31.044Z - info: Website generation started at 21:42:27
2018-09-28T13:42:34.379Z - info: Building assets...
2018-09-28T13:42:36.472Z - info: Assets built
2018-09-28T13:42:36.473Z - info: Generating pages...
2018-09-28T13:44:23.827Z - info: Pages built
2018-09-28T13:44:23.900Z - info: Site data built
2018-09-28T13:44:23.901Z - info: Website generation complete! Total build time: 116.166s
2018-09-28T13:44:23.916Z - info: Generate Site durationMs=116181
2018-09-28T13:44:23.942Z - info: Serving "C:\repos\nus-cs2103-AY1819S1\cs2103-website\_site" at http://127.0.0.1:8080
2018-09-28T13:44:23.942Z - info: Press CTRL+C to stop ...
2018-09-28T13:49:09.097Z - info: Website generation started at 21:49:06
2018-09-28T13:49:10.510Z - info: Building assets...
2018-09-28T13:49:12.992Z - info: Assets built
2018-09-28T13:49:12.993Z - info: Generating pages...
2018-09-28T13:50:31.437Z - info: Pages built
2018-09-28T13:50:31.543Z - info: Site data built
2018-09-28T13:50:31.543Z - info: Website generation complete! Total build time: 84.601s
2018-09-28T13:50:31.556Z - info: Generate Site durationMs=84614
2018-09-28T13:50:31.579Z - info: Serving "C:\repos\nus-cs2103-AY1819S1\cs2103-website\_site" at http://127.0.0.1:8080
2018-09-28T13:50:31.580Z - info: Press CTRL+C to stop ...
2018-09-28T13:59:52.094Z - info: [21:59:52] Reload for file change: C:\repos\nus-cs2103-AY1819S1\cs2103-website\admin\exams.md
2018-09-28T13:59:53.220Z - verbose: Rebuild affected paths: C:\repos\nus-cs2103-AY1819S1\cs2103-website\admin\exams.md
2018-09-28T13:59:53.240Z - info: Rebuilding 6 pages
2018-09-28T14:00:23.663Z - info: Pages rebuilt
2018-09-28T14:00:23.685Z - info: Site data built
2018-09-28T14:00:29.591Z - info: [22:00:29] Reload for file change: C:\repos\nus-cs2103-AY1819S1\cs2103-website\admin\exams.md
2018-09-28T14:00:30.610Z - verbose: Rebuild affected paths: C:\repos\nus-cs2103-AY1819S1\cs2103-website\admin\exams.md
2018-09-28T14:00:30.610Z - info: Rebuilding 6 pages
2018-09-28T14:00:44.088Z - info: Website generation started at 22:00:41
2018-09-28T14:00:45.515Z - info: Building assets...
2018-09-28T14:00:47.578Z - info: Assets built
2018-09-28T14:00:47.579Z - info: Generating pages...
2018-09-28T14:02:01.162Z - warn: Missing heading for keyword: MCQ questions
2018-09-28T14:02:01.163Z - warn: Missing heading for keyword: Essay questions
2018-09-28T14:02:09.103Z - info: Pages built
2018-09-28T14:02:09.182Z - info: Site data built
2018-09-28T14:02:09.183Z - info: Website generation complete! Total build time: 87.48s
2018-09-28T14:02:09.195Z - info: Generate Site durationMs=87493
2018-09-28T14:02:09.217Z - info: Serving "C:\repos\nus-cs2103-AY1819S1\cs2103-website\_site" at http://127.0.0.1:8080
2018-09-28T14:02:09.217Z - info: Press CTRL+C to stop ...
2018-09-28T14:07:09.218Z - info: [22:07:09] Reload for file change: C:\repos\nus-cs2103-AY1819S1\cs2103-website\admin\exams.md
2018-09-28T14:07:10.220Z - verbose: Rebuild affected paths: C:\repos\nus-cs2103-AY1819S1\cs2103-website\admin\exams.md
2018-09-28T14:07:10.224Z - info: Rebuilding 6 pages
2018-09-28T14:07:37.187Z - info: Pages rebuilt
2018-09-28T14:07:37.214Z - info: Site data built
2018-09-28T14:08:30.260Z - info: [22:08:30] Reload for file change: C:\repos\nus-cs2103-AY1819S1\cs2103-website\admin\lectures.md
2018-09-28T14:08:31.262Z - verbose: Rebuild affected paths: C:\repos\nus-cs2103-AY1819S1\cs2103-website\admin\lectures.md
2018-09-28T14:08:31.264Z - info: Rebuilding 4 pages
2018-09-28T14:09:05.598Z - warn: Command 'server' doesn't exist, run "markbind --help" to list commands.
2018-09-28T14:10:51.241Z - info: Website generation started at 22:10:49
2018-09-28T14:10:52.568Z - info: Building assets...
2018-09-28T14:10:54.620Z - info: Assets built
2018-09-28T14:10:54.620Z - info: Generating pages...
2018-09-28T14:12:04.541Z - warn: Missing heading for keyword: Webcast
2018-09-28T14:12:11.749Z - info: Pages built
2018-09-28T14:12:11.812Z - info: Site data built
2018-09-28T14:12:11.813Z - info: Website generation complete! Total build time: 82.766s
2018-09-28T14:12:11.824Z - info: Generate Site durationMs=82777
2018-09-28T14:12:11.839Z - info: Serving "C:\repos\nus-cs2103-AY1819S1\cs2103-website\_site" at http://127.0.0.1:8080
2018-09-28T14:12:11.840Z - info: Press CTRL+C to stop ...
2018-09-28T14:15:44.058Z - info: [22:15:44] Reload for file change: C:\repos\nus-cs2103-AY1819S1\cs2103-website\admin\lectures.md
2018-09-28T14:15:45.062Z - verbose: Rebuild affected paths: C:\repos\nus-cs2103-AY1819S1\cs2103-website\admin\lectures.md
2018-09-28T14:15:45.063Z - warn: Rebuilding all pages as variables file was changed, or the --force-reload flag was set
2018-09-28T14:15:45.109Z - info: Rebuilding 146 pages
2018-09-28T14:16:55.772Z - info: Pages rebuilt
2018-09-28T14:16:55.803Z - info: Site data built
2018-09-28T14:18:00.046Z - info: [22:18:00] Reload for file change: C:\repos\nus-cs2103-AY1819S1\cs2103-website\schedule\index.md
2018-09-28T14:18:01.048Z - verbose: Rebuild affected paths: C:\repos\nus-cs2103-AY1819S1\cs2103-website\schedule\index.md
2018-09-28T14:18:01.049Z - warn: Rebuilding all pages as variables file was changed, or the --force-reload flag was set
2018-09-28T14:18:01.123Z - info: Rebuilding 146 pages
2018-09-28T14:19:10.536Z - info: Pages rebuilt
2018-09-28T14:19:10.549Z - info: Site data built
2018-09-28T14:19:19.959Z - info: [22:19:19] Reload for file change: C:\repos\nus-cs2103-AY1819S1\cs2103-website\schedule\index.md
2018-09-28T14:19:20.960Z - verbose: Rebuild affected paths: C:\repos\nus-cs2103-AY1819S1\cs2103-website\schedule\index.md
2018-09-28T14:19:20.961Z - warn: Rebuilding all pages as variables file was changed, or the --force-reload flag was set
2018-09-28T14:19:21.028Z - info: Rebuilding 146 pages
2018-09-28T14:20:28.624Z - info: Pages rebuilt
2018-09-28T14:20:28.647Z - info: Site data built
2018-09-28T14:24:16.651Z - info: [22:24:16] Reload for file change: C:\repos\nus-cs2103-AY1819S1\cs2103-website\book\architecture\architecturalStyles\more\moreStyles\text.md
2018-09-28T14:24:17.656Z - verbose: Rebuild affected paths: C:\repos\nus-cs2103-AY1819S1\cs2103-website\book\architecture\architecturalStyles\more\moreStyles\text.md
2018-09-28T14:24:17.657Z - warn: Rebuilding all pages as variables file was changed, or the --force-reload flag was set
2018-09-28T14:24:17.710Z - info: Rebuilding 146 pages
2018-09-28T14:25:32.972Z - info: Pages rebuilt
2018-09-28T14:25:33.066Z - info: Site data built
2018-09-28T14:27:10.440Z - info: Website generation started at 22:27:07
2018-09-28T14:27:11.832Z - info: Building assets...
2018-09-28T14:27:13.846Z - info: Assets built
2018-09-28T14:27:13.847Z - info: Generating pages...
2018-09-28T14:28:24.110Z - warn: Missing heading for keyword: pipes-and-filters architectures
2018-09-28T14:28:27.668Z - info: Pages built
2018-09-28T14:28:27.741Z - info: Site data built
2018-09-28T14:28:27.741Z - info: Website generation complete! Total build time: 79.872s
2018-09-28T14:28:27.755Z - info: Generate Site durationMs=79886
2018-09-28T14:28:27.782Z - info: Serving "C:\repos\nus-cs2103-AY1819S1\cs2103-website\_site" at http://127.0.0.1:8080
2018-09-28T14:28:27.782Z - info: Press CTRL+C to stop ...
2018-09-28T14:35:16.158Z - info: [22:35:16] Reload for file add: C:\repos\nus-cs2103-AY1819S1\cs2103-website\book\oop\inheritance\overriding\exercises.mbdf
2018-09-28T14:35:16.332Z - info: [22:35:16] Reload for file deletion: C:\repos\nus-cs2103-AY1819S1\cs2103-website\book\oop\inheritance\overriding\exercises.fr
2018-09-28T14:35:17.298Z - verbose: Rebuild affected paths: C:\repos\nus-cs2103-AY1819S1\cs2103-website\book\oop\inheritance\overriding\exercises.mbdf
2018-09-28T14:35:17.302Z - info: Rebuilding 0 pages
2018-09-28T14:35:17.302Z - info: Pages rebuilt
2018-09-28T14:35:17.321Z - info: Site data built
2018-09-28T14:35:17.335Z - info: Assets removed
2018-09-28T14:35:46.961Z - info: [22:35:46] Reload for file change: C:\repos\nus-cs2103-AY1819S1\cs2103-website\book\oop\inheritance\overriding\text.md
2018-09-28T14:35:47.962Z - verbose: Rebuild affected paths: C:\repos\nus-cs2103-AY1819S1\cs2103-website\book\oop\inheritance\overriding\text.md
2018-09-28T14:35:47.973Z - info: Rebuilding 8 pages
2018-09-28T14:36:13.378Z - info: Pages rebuilt
2018-09-28T14:36:13.413Z - info: Site data built
2018-09-28T14:36:24.329Z - info: [22:36:24] Reload for file change: C:\repos\nus-cs2103-AY1819S1\cs2103-website\book\oop\inheritance\overriding\exercises.mbdf
2018-09-28T14:36:25.331Z - verbose: Rebuild affected paths: C:\repos\nus-cs2103-AY1819S1\cs2103-website\book\oop\inheritance\overriding\exercises.mbdf
2018-09-28T14:36:25.338Z - info: Rebuilding 8 pages
2018-09-28T14:36:50.924Z - info: Pages rebuilt
2018-09-28T14:36:50.950Z - info: Site data built
2018-09-28T14:36:59.181Z - info: [22:36:59] Reload for file change: C:\repos\nus-cs2103-AY1819S1\cs2103-website\book\oop\inheritance\overriding\exercises.mbdf
2018-09-28T14:37:00.182Z - verbose: Rebuild affected paths: C:\repos\nus-cs2103-AY1819S1\cs2103-website\book\oop\inheritance\overriding\exercises.mbdf
2018-09-28T14:37:00.189Z - info: Rebuilding 8 pages
2018-09-28T14:37:28.328Z - info: Pages rebuilt
2018-09-28T14:37:28.362Z - info: Site data built
